0	273	281	119
6	273	275	121
12	272	273	121
17	273	274	121
23	273	274	122
29	284	286	120
34	272	276	122
40	272	274	121
47	273	274	122
52	294	275	121
58	273	287	120
64	273	274	121
69	273	274	122
75	273	274	122
81	286	283	121
87	272	276	120
93	273	273	122
99	273	274	123
105	286	274	121
110	273	274	122
116	272	275	119
122	274	273	122
128	272	284	120
134	273	274	122
140	288	279	121
146	273	277	120
151	283	275	122
157	274	273	122
163	273	274	122
168	273	274	121
175	274	293	121
181	272	275	120
187	273	274	122
192	273	279	120
198	279	275	122
204	278	297	121
209	273	274	121
216	272	274	122
222	273	274	122
228	274	274	122
233	273	274	121
239	273	276	120
245	273	275	122
250	274	292	121
257	273	275	122
263	288	280	120
269	274	281	120
274	281	275	122
280	273	274	122
286	273	274	122
291	275	274	122
297	273	287	120
304	272	274	121
310	273	273	122
315	273	278	120
321	280	274	121
327	276	297	121
332	273	274	122
338	273	274	121
345	274	274	122
351	273	273	122
356	274	274	122
362	272	276	120
368	273	274	121
373	274	289	120
379	273	274	122
386	286	283	121
392	273	278	120
397	285	274	122
403	273	275	122
409	274	274	122
414	272	274	122
420	273	279	120
427	273	274	121
433	273	274	122
438	273	275	120
444	289	277	122
450	273	280	120
455	279	276	122
461	272	274	122
467	273	274	123
474	296	275	121
479	272	274	122
485	273	274	121
491	273	274	120
496	274	281	120
502	279	276	122
508	276	297	121
515	273	275	120
520	296	274	122
526	273	274	123
532	273	275	122
537	274	273	122
543	273	276	120
549	273	274	120
556	273	274	122
561	272	275	121
567	292	275	121
573	273	282	120
578	281	275	121
584	273	274	124
590	276	274	122
596	296	275	121
602	273	274	123
608	273	274	121
614	272	274	122
619	273	277	120
625	287	274	122
631	275	298	121
637	274	275	120
643	297	274	121
649	273	274	123
655	273	275	121
660	274	273	122
666	272	276	120
672	273	274	121
678	274	274	122
684	272	275	121
690	283	288	121
696	272	276	120
701	291	276	122
707	272	274	122
713	273	275	122
719	296	275	122
724	276	274	123
731	272	274	122
737	275	274	122
742	273	276	120
748	294	274	121
754	275	293	121
760	272	275	120
765	292	275	121
772	272	274	123
778	279	274	122
783	272	274	122
789	273	275	120
795	273	274	121
801	273	274	121
806	272	274	121
813	279	293	121
819	273	276	120
824	286	274	122
830	273	274	124
836	273	274	123
842	296	275	121
847	274	275	122
854	272	274	120
860	272	275	121
865	272	276	119
871	293	276	122
877	275	294	120
883	272	274	120
888	291	276	121
894	273	274	123
901	279	274	122
906	273	274	122
912	274	275	120
918	273	274	120
924	274	274	122
929	272	274	122
935	286	284	122
942	273	276	120
947	288	274	122
953	273	273	122
959	273	274	122
965	295	275	121
970	273	274	122
976	274	274	121
983	273	274	122
988	272	276	120
994	289	275	121
1000	274	295	121
1006	272	275	120
1011	288	275	122
1017	277	296	121
1024	273	277	120
1030	274	274	121
1035	286	284	121
1041	272	274	122
1047	274	274	122
1053	293	275	121
1058	273	274	123
1064	272	274	120
1071	273	274	121
1076	276	299	121
1082	274	274	122
1088	273	273	121
1094	272	274	122
1099	273	279	120
1105	273	276	122
1112	272	273	122
1118	272	274	123
1123	274	275	121
1129	292	275	121
1135	272	274	122
1141	273	274	122
1146	273	275	121
1153	274	297	121
1159	273	277	120
1165	273	273	122
1170	280	293	121
1176	274	275	123
1182	273	274	122
1188	288	278	121
1193	274	287	120
1200	274	274	123
1206	294	274	121
1212	277	297	121
1217	274	274	122
1223	272	274	120
1229	274	274	122
1235	273	274	125
1241	273	275	121
1247	283	288	122
1253	272	277	120
1259	272	274	121
1264	288	277	121
1270	274	275	122
1276	274	275	122
1283	295	275	121
1288	273	274	122
1294	272	276	121
1300	272	274	121
1306	273	275	122
1311	272	279	119
1317	274	275	122
1324	293	276	121
1330	274	287	120
1335	273	274	122
1341	273	274	122
1347	274	274	122
1353	275	274	122
1358	273	274	120
1364	279	293	121
1371	273	280	120
1377	273	276	121
1382	294	274	121
1388	272	276	122
1394	273	274	122
1400	295	275	121
1405	273	275	122
1412	273	275	120
1418	273	274	121
1423	275	298	121
1429	272	274	123
1435	272	274	121
1441	273	275	122
1446	272	277	120
1453	276	275	122
1459	273	274	122
1465	273	274	121
1470	273	274	121
1476	290	278	121
1482	274	274	122
1488	273	274	122
1494	273	274	122
1500	275	291	121
1506	274	275	120
1512	272	274	121
1517	275	298	121
1523	273	274	122
1529	274	275	122
1536	287	279	121
1541	273	286	120
1547	274	274	122
1553	294	275	121
1559	274	292	121
1564	273	274	122
1570	274	273	121
1576	273	274	121
1583	273	274	122
1588	272	274	121
1594	286	282	121
1600	273	285	120
1606	272	275	121
1611	296	276	121
1617	273	273	122
1624	273	274	122
1630	288	275	122
1635	272	274	122
1641	273	277	121
1647	273	275	121
1653	273	274	122
1658	274	282	120
1665	273	275	122
1671	293	274	121
1677	274	291	120
1682	275	275	121
1688	272	274	121
1694	274	274	122
1700	274	274	122
1705	273	274	121
1712	288	279	121
1718	274	283	120
1724	273	274	120
1729	293	275	121
1735	273	276	122
1741	273	274	122
1747	283	275	122
1753	272	274	122
1759	273	277	120
1765	272	274	121
1770	287	281	121
1776	273	274	122
1782	272	275	120
1788	273	273	121
1794	274	288	120
1800	274	274	122
1806	273	275	121
1812	272	274	122
1817	273	275	120
1823	291	274	121
1829	273	273	122
1836	273	274	121
1841	273	274	121
1847	280	291	122
1853	275	279	121
1859	272	275	120
1864	293	275	121
1870	273	274	122
1876	274	274	122
1883	289	274	121
1888	273	294	121
1894	273	274	122
1900	275	274	123
1906	285	287	122
1911	273	274	122
1917	272	274	121
1924	272	274	122
1930	274	274	122
1935	272	275	121
1941	292	276	121
1947	274	291	122
1953	272	275	120
1958	296	274	121
1965	273	274	122
1971	273	274	122
1977	284	274	122
1982	272	274	121
1988	273	277	120
1994	273	274	121
2000	273	274	121
2006	274	282	120
2012	273	275	122
2018	295	275	122
2024	274	295	121
2029	273	274	122
2035	272	274	121
2041	273	274	123
2048	273	274	122
2053	273	274	121
2059	286	282	121
2065	274	282	120
2071	272	274	120
2076	293	275	120
2082	274	274	121
2088	273	274	122
2095	295	274	121
2100	273	274	122
2106	273	276	120
2112	273	274	121
2117	275	295	121
2123	274	275	122
2129	273	274	120
2136	273	276	122
2141	274	277	120
2147	278	274	122
2153	273	274	124
2159	274	274	123
2164	273	273	123
2170	287	281	120
2177	273	274	122
2183	273	274	122
2188	272	274	121
2194	274	290	121
2200	273	274	121
2206	273	274	121
2211	275	296	121
2217	273	274	122
2224	288	274	121
2230	277	297	120
2235	273	276	120
2241	279	275	122
2247	286	282	121
2253	273	280	120
2258	274	274	122
2265	273	274	122
2271	273	274	121
2277	273	274	121
2282	273	274	121
2288	275	296	120
2294	272	276	120
2300	273	274	120
2306	283	286	121
2312	273	274	122
2318	273	275	122
2324	292	275	121
2329	273	275	123
2335	273	275	119
2341	273	274	122
2348	275	274	122
2353	272	276	120
2359	293	275	122
2365	278	298	121
2371	273	278	120
2376	278	275	122
2382	272	274	122
2388	272	274	122
2395	273	274	122
2400	273	274	122
2406	273	292	121
2412	273	275	120
2418	273	274	121
2423	276	297	119
2429	275	274	122
2436	281	274	121
2442	281	291	121
2447	273	273	122
2453	273	274	121
2459	273	273	122
2464	274	280	120
2470	273	275	122
2477	272	274	122
2483	273	274	123
2488	272	274	121
2494	294	275	121
2500	273	274	122
2506	274	274	122
2511	273	274	121
2518	275	293	121
2524	273	274	121
2530	288	275	122
2535	273	274	122
2541	273	277	120
2547	272	274	122
2553	272	274	122
2558	273	280	119
2565	273	275	123
2571	290	278	120
2577	274	288	119
2582	274	275	120
2588	296	274	121
2594	275	296	121
2600	273	275	120
2606	296	274	121
2612	274	274	122
2618	273	274	121
2624	283	274	121
2629	272	274	122
2635	273	279	120
2641	272	274	121
2648	273	274	122
2653	274	292	121
2659	273	275	122
2665	295	274	121
2671	276	297	120
2676	273	275	122
2682	273	274	121
2689	273	274	121
2695	272	275	122
2700	272	274	121
2706	290	278	121
2712	274	287	120
2718	273	274	120
2723	295	275	121
2729	273	274	122
2736	273	274	122
2742	274	275	122
2747	273	274	122
2753	273	285	120
2759	273	275	120
2765	273	274	120
2770	275	296	121
2777	274	274	123
2783	284	275	122
2789	278	295	120
2794	273	274	122
2800	272	274	121
2806	273	274	121
2811	273	282	120
2818	273	274	122
2824	273	275	122
2830	274	274	122
2835	273	275	120
2841	293	276	121
2847	273	274	122
2853	273	274	122
2859	273	274	120
2865	283	286	121
2871	274	274	123
2877	273	275	122
2882	272	274	121
2888	273	287	119
2894	273	275	120
2900	273	274	121
2906	275	297	121
2912	274	274	122
2918	280	275	122
2924	282	292	121
2929	274	277	120
2935	273	274	121
2941	290	277	121
2948	273	285	120
2953	274	274	122
2959	273	274	120
2965	273	274	122
2971	273	274	122
2976	272	274	122
2982	277	296	121
2989	274	276	120
2995	272	275	121
3000	286	282	121
3006	274	274	122
3012	273	274	122
3018	296	274	121
3023	274	274	122
3030	272	274	120
3036	273	273	123
3042	273	274	122
3047	273	276	120
3053	281	274	122
3059	284	286	122
3065	274	281	120
3070	275	275	122
3077	273	273	120
3083	273	274	123
3089	274	274	122
3094	272	274	121
3100	281	290	121
3106	274	279	120
3112	273	274	121
3118	290	276	121
3124	273	276	122
3130	276	275	122
3136	296	275	121
3141	274	274	122
3147	273	275	120
3153	273	274	122
3159	274	295	121
3165	273	275	122
3171	274	274	121
3177	273	274	122
3182	272	276	120
3188	287	275	122
3194	272	275	122
3201	274	274	123
3206	273	273	121
3212	284	284	120
3218	273	275	121
3224	273	274	122
3229	273	274	122
3235	273	287	120
3241	273	275	120
3248	272	274	121
3253	275	290	121
3259	273	274	122
3265	296	274	120
3271	274	295	121
3276	273	275	120
3282	292	274	122
3289	278	296	121
3295	273	278	121
3300	273	276	122
3306	273	275	122
3312	274	274	124
3318	274	274	121
3323	273	274	121
3330	276	296	121
3336	273	276	120
3342	273	274	121
3347	276	299	121
3353	274	274	122
3359	277	274	122
3365	283	286	121
3371	273	274	123
3377	273	274	121
3383	273	275	121
3389	273	274	123
3394	273	276	120
3400	295	275	122
3406	275	297	121
3412	272	276	120
3418	282	276	122
3424	273	274	122
3430	272	274	122
3436	274	274	122
3441	274	276	121
3447	275	298	121
3453	273	276	120
3460	271	274	122
3465	281	289	121
3471	275	275	123
3477	273	275	122
3483	295	276	121
3488	273	276	122
3494	272	275	120
3501	272	274	121
3506	278	297	121
3512	273	275	122
3518	273	274	121
3524	273	274	121
3529	273	283	120
3535	275	274	122
3542	273	274	121
3548	273	274	122
3553	273	274	120
3559	295	275	121
3565	273	274	122
3571	273	274	123
3576	273	274	123
3582	285	285	121
3589	273	283	120
3595	272	274	121
3600	294	275	120
3606	273	274	123
3612	273	274	122
3618	285	275	121
3623	273	290	121
3630	274	274	122
3636	273	274	122
3642	296	274	121
3647	273	273	122
3653	273	276	120
3659	274	274	123
3665	273	275	122
3671	273	277	120
3677	274	273	122
3683	293	275	122
3689	274	292	121
3694	273	274	122
3700	272	275	121
3706	274	274	124
3713	274	274	122
3718	272	274	121
3724	286	283	122
3730	273	282	120
3736	274	274	121
3741	294	275	121
3747	273	274	122
3753	273	274	121
3760	284	274	122
3765	273	274	122
3771	272	276	120
3777	273	273	121
3783	273	274	122
3788	273	287	121
3794	274	275	122
3801	296	274	122
3807	275	296	121
3812	274	275	123
3818	273	274	121
3824	273	274	122
3830	275	274	122
3835	273	274	121
3842	291	277	121
3848	274	289	119
3853	273	274	122
3859	273	273	121
3865	277	298	122
3871	274	277	120
3876	273	274	122
3883	273	275	122
3889	274	281	120
3895	273	274	120
3900	291	275	121
3906	273	274	122
3912	273	275	120
3918	272	274	121
3923	275	297	121
3930	275	274	122
3936	275	274	122
3942	286	282	122
3947	273	276	123
3953	272	274	120
3959	273	274	121
3965	273	274	123
3971	273	273	122
3977	272	274	121
3983	273	274	122
3989	273	276	123
3994	272	274	121
4000	278	294	122
4006	272	276	120
4013	272	274	121
4018	292	275	121
4024	272	274	122
4030	274	274	122
4036	296	274	122
4041	273	274	122
4047	273	276	120
4054	272	273	121
4060	272	274	121
4065	274	279	120
4071	273	274	122
4077	291	275	121
4083	275	289	121
4088	273	274	122
4094	273	274	123
4101	272	274	122
4107	273	275	122
4112	272	274	121
4118	276	299	121
4124	274	276	120
4130	273	275	121
4135	280	291	121
4142	273	274	124
4148	273	274	122
4154	296	274	121
4159	273	275	122
4165	272	275	121
4171	273	274	121
4177	273	274	122
4183	273	278	120
4189	276	274	122
4195	292	275	121
4200	273	274	122
4206	272	277	120
4212	295	274	121
4218	275	298	121
4224	274	274	122
4230	272	274	120
4236	284	287	121
4242	274	278	120
4247	273	275	122
4253	272	274	121
4259	275	284	120
4265	274	274	121
4271	294	275	122
4277	273	275	122
4283	273	274	122
4289	291	275	121
4294	272	274	122
4300	273	277	120
4306	272	274	123
4313	273	274	122
4318	273	274	123
4324	273	274	121
4330	272	274	122
4336	274	274	122
4341	273	276	120
4347	293	275	122
4354	276	297	121
4360	273	276	120
4365	275	274	121
4371	274	273	122
4377	274	274	123
4383	273	274	122
4388	272	274	121
4395	274	288	120
4401	272	274	120
4407	273	274	120
4412	277	297	121
4418	274	274	122
4424	273	275	121
4430	289	278	121
4435	273	275	122
4442	272	275	120
4448	272	274	121
4454	273	274	122
4459	272	276	120
4465	282	275	121
4471	286	281	121
4477	274	285	119
4483	273	274	124
4489	272	274	123
4495	273	274	122
4501	273	274	123
4506	273	275	121
4512	274	297	121
4518	273	276	120
4525	273	274	120
4530	283	288	121
4536	273	274	122
4542	273	274	122
4547	272	274	120
4553	274	291	120
4559	273	274	122
4566	295	275	122
4571	273	274	122
4577	272	275	120
4583	289	275	122
4589	277	297	121
4594	273	274	123
4600	272	274	121
4606	291	277	121
4613	274	290	120
4618	272	274	122
4624	272	274	121
4630	274	274	122
4636	273	274	124
4641	273	274	121
4647	283	288	121
4654	273	281	120
4660	272	276	121
4665	294	274	121
4671	274	293	121
4677	273	275	120
4683	273	274	121
4688	281	290	122
4695	272	274	123
4701	273	274	121
4707	294	275	121
4712	272	274	122
4718	273	274	121
4724	272	274	120
4730	273	274	122
4736	272	276	120
4742	286	275	121
4748	281	290	122
4754	273	279	120
4759	273	274	122
4765	273	275	122
4771	272	274	123
4777	273	274	122
4783	273	274	121
4789	276	299	121
4795	272	276	120
4801	273	274	122
4806	281	291	121
4812	273	274	124
4818	274	275	122
4825	293	274	121
4830	273	275	122
4836	272	275	120
4842	273	273	121
4848	272	276	122
4853	273	275	120
4859	289	274	122
4866	277	295	121
4872	272	277	120
4877	280	274	122
4883	273	274	121
4889	273	275	122
4894	273	274	121
4900	288	279	121
4907	273	274	123
4913	273	276	122
4918	274	274	120
4924	274	292	121
4930	273	274	122
4936	292	275	121
4941	272	274	122
4947	272	276	122
4954	279	274	122
4960	284	286	122
4965	274	275	122
4971	272	275	121
4977	273	274	121
4983	273	275	122
4988	272	276	121
4995	295	275	121
5001	276	298	120
5007	273	276	120
5012	280	274	121
5018	283	287	121
5024	273	282	120
5030	272	275	120
5036	296	274	121
5042	273	273	122
5048	273	275	121
5054	296	274	121
5059	273	274	122
5065	273	275	120
5071	272	274	121
5078	273	274	122
5083	272	279	120
5089	273	274	122
5095	287	279	121
5101	273	285	119
5106	272	275	122
5112	273	274	121
5118	273	274	122
5125	273	274	121
5130	273	274	121
5136	278	293	121
5142	274	280	120
5148	272	275	121
5153	294	275	121
5159	273	274	122
5166	273	275	122
5172	292	275	122
5177	273	274	122
5183	272	277	120
5189	272	273	121
5195	272	274	121
5200	273	284	120
5207	274	274	122
5213	295	275	121
5219	276	298	122
5224	273	274	122
5230	272	273	121
5236	272	274	122
5241	273	281	120
5248	273	274	122
5254	273	274	122
5260	273	274	121
5265	272	275	120
5271	288	274	122
5277	274	274	122
5283	274	273	122
5288	272	274	121
5295	288	280	121
5301	273	274	124
5307	273	276	122
5312	273	274	121
5318	274	296	121
5324	273	275	120
5330	273	274	121
5336	281	290	121
5342	273	275	123
5348	273	274	123
5354	295	275	121
5359	273	292	121
5365	273	274	122
5371	287	274	121
5378	277	297	121
5383	274	274	122
5389	273	274	121
5395	272	274	122
5401	273	275	122
5406	272	276	121
5412	296	275	121
5419	275	298	120
5425	274	276	119
5430	284	274	121
5436	272	274	122
5442	275	275	122
5448	273	274	122
5453	273	274	121
5459	276	291	120
5466	272	274	120
5472	274	274	121
5477	274	294	121
5483	273	275	122
5489	292	275	121
5495	277	296	121
5500	273	274	122
5507	272	274	121
5513	272	274	121
5519	273	274	122
5524	272	274	121
5530	291	275	121
5536	276	292	121
5542	272	275	120
5548	293	275	123
5554	273	273	122
5560	274	274	122
5566	273	274	122
5571	272	274	121
5577	273	284	120
5583	272	274	121
5588	296	274	121
5595	272	274	122
5601	272	275	121
5607	272	274	120
5612	275	298	121
5618	273	274	122
5624	273	274	121
5630	272	274	122
5636	273	281	120
5642	273	274	122
5648	273	273	122
5654	273	274	122
5659	272	275	121
5665	294	274	120
5671	273	290	120
5678	272	274	120
5683	294	275	122
5689	273	274	122
5695	272	274	122
5701	283	274	121
5706	272	296	121
5712	273	274	123
5719	274	274	122
5725	292	275	121
5730	274	274	122
5736	273	275	121
5742	272	273	121
5748	273	274	122
5753	272	276	120
5760	294	275	121
5766	277	298	120
5772	272	276	120
5777	284	274	122
5783	273	274	122
5789	273	274	122
5795	273	274	122
5800	273	274	122
5807	273	278	120
5813	273	274	120
5819	274	275	122
5824	275	292	121
5830	273	274	122
5836	297	275	122
5842	276	299	121
5848	273	274	122
5854	273	274	121
5860	273	275	122
5866	275	274	123
5871	274	273	121
5877	289	278	121
5883	274	285	120
5890	272	276	121
5895	292	275	121
5901	273	274	122
5907	272	274	122
5913	295	274	122
5918	274	274	122
5924	273	275	120
5931	273	274	123
5936	281	289	121
5942	273	276	122
5948	273	274	121
5954	273	274	122
5959	274	286	119
5965	273	274	122
5971	273	274	121
5978	273	275	122
5983	272	276	120
5989	290	274	121
5995	273	274	123
6001	273	274	122
6006	272	274	121
6012	283	287	121
6019	274	279	120
6025	274	273	121
6030	288	278	121
6036	273	275	122
6042	273	274	121
6048	293	275	121
6053	274	288	120
6060	273	274	122
6066	296	275	121
6072	274	297	121
6077	274	274	122
6083	272	273	120
6089	273	275	122
6095	274	274	123
6100	272	274	121
6107	276	298	121
6113	273	276	120
6119	272	273	121
6124	281	290	120
6130	273	274	123
6136	274	274	122
6142	289	278	122
6148	273	274	122
6154	273	275	121
6160	273	274	121
6166	274	274	122
6171	273	275	120
6177	294	274	121
6183	275	298	121
6190	273	276	121
6195	282	274	122
6201	273	274	122
6207	274	274	123
6213	274	274	122
6218	272	275	122
6224	275	287	120
6231	272	276	120
6237	272	274	121
6242	275	297	121
6248	273	274	122
6254	288	275	121
6260	279	293	121
6265	273	275	123
6272	273	273	121
6278	273	274	122
6283	274	285	120
6289	273	274	123
6295	273	274	121
6301	272	274	124
6306	273	275	120
6312	296	276	121
6319	273	274	122
6325	275	274	122
6330	272	274	122
6336	275	299	121
6342	274	274	122
6348	293	276	122
6353	274	274	122
6360	273	275	120
6366	273	274	121
6372	273	274	122
6377	275	280	119
6383	274	276	122
6389	287	282	121
6395	272	287	120
6401	273	274	121
6407	294	275	121
6413	275	294	121
6419	274	275	119
6424	294	274	121
6430	273	275	122
6436	273	274	122
6443	290	275	121
6448	273	274	121
6454	273	276	120
6460	272	274	121
6466	272	274	122
6471	274	277	120
6477	273	275	122
6483	287	281	121
6490	275	283	120
6495	273	274	122
6501	273	274	122
6507	274	274	122
6513	274	274	122
6518	273	274	121
6524	276	296	120
6531	272	277	120
6537	273	275	121
6542	276	296	122
6548	273	274	122
6554	274	274	122
6560	289	278	121
6565	272	275	122
6572	274	275	121
6578	275	274	121
6584	272	274	122
6589	272	275	121
6595	295	275	122
6601	276	297	121
6607	272	276	120
6612	283	275	122
6619	274	274	122
6625	273	274	123
6630	272	275	121
6636	288	280	121
6642	272	274	122
6648	273	274	122
6653	273	274	122
6660	273	286	120
6666	274	275	122
6672	293	276	121
6677	275	274	122
6683	273	277	120
6689	294	274	121
6695	273	290	121
6701	273	274	121
6707	273	274	121
6713	272	274	122
6719	273	274	121
6724	274	274	123
6730	274	295	121
6736	273	278	120
6743	272	274	122
6748	279	273	122
6754	273	276	120
6760	273	273	121
6766	273	274	121
6771	273	286	120
6777	273	275	122
6784	292	275	121
6790	274	286	120
6795	274	274	122
6801	274	275	121
6807	273	274	122
6813	273	274	122
6818	273	274	122
6824	277	296	121
6831	273	278	120
6837	272	274	121
6842	284	285	120
6848	273	274	124
6854	273	274	122
6860	293	274	121
6865	273	275	123
6872	272	276	120
6878	272	273	122
6884	273	274	122
6889	272	275	120
6895	296	275	121
6901	275	294	120
6907	272	274	120
6913	296	275	121
6919	274	274	122
6925	274	274	122
6931	294	276	121
6936	273	274	121
6942	273	275	120
6948	272	273	121
6955	273	274	122
6960	274	279	120
6966	274	276	122
6972	290	277	121
6977	273	275	122
6983	272	274	120
6989	296	275	121
6995	274	292	121
7001	273	275	122
7007	273	274	122
7013	274	293	121
7019	272	275	120
7024	288	275	122
7030	273	274	122
7036	273	276	121
7043	273	274	122
7048	288	278	122
7054	272	274	122
7060	273	274	123
7066	298	275	121
7071	272	274	122
7077	273	275	120
7084	273	274	120
7090	272	275	122
7095	273	274	122
7101	272	273	121
7107	273	274	122
7113	273	274	122
7118	272	274	121
7124	284	285	121
7131	273	281	120
7137	273	274	122
7142	294	274	121
7148	272	273	122
7154	273	276	122
7160	295	275	123
7165	274	274	121
7172	273	275	120
7178	274	273	121
7184	273	274	123
7189	273	275	120
7195	296	274	121
7201	276	298	121
7207	272	276	120
7213	282	274	121
7219	274	274	122
7225	273	275	123
7231	276	274	123
7236	273	273	122
7242	272	278	120
7248	272	273	121
7255	272	274	122
7260	274	278	120
7266	276	275	122
7272	286	285	121
7278	273	287	122
7283	273	274	122
7289	273	273	121
7296	273	274	122
7302	274	274	122
7307	272	274	121
7313	274	292	120
7319	272	276	120
7324	296	275	121
7330	273	273	123
7336	272	276	120
7343	272	274	121
7348	274	296	121
7354	273	274	122
7360	273	273	120
7366	273	273	122
7371	273	275	119
7377	290	275	122
7384	272	274	122
7390	273	274	122
7395	272	274	121
7401	288	280	121
7407	273	281	120
7413	273	275	121
7418	294	275	121
7425	273	274	122
7431	273	274	122
7437	294	275	121
7442	273	290	121
7448	273	276	122
7454	295	274	122
7460	275	292	121
7465	273	274	122
7472	273	274	121
7478	274	274	122
7484	272	274	122
7489	273	275	121
7495	281	292	121
7501	273	281	120
7507	273	274	121
7513	289	280	120
7519	273	274	123
7525	272	274	122
7531	295	275	121
7536	274	274	121
7542	273	276	120
7548	272	274	122
7555	273	273	122
7560	273	276	120
7566	275	274	122
7572	286	281	120
7578	274	283	120
7583	273	274	122
7589	273	274	121
7596	273	274	122
7602	273	275	122
7607	272	274	121
7613	274	290	121
7619	273	275	120
7625	273	274	121
7630	275	298	121
7636	273	274	122
7643	287	274	122
7649	278	296	121
7654	273	274	121
7660	273	274	121
7666	273	274	122
7671	273	277	120
7677	273	274	122
7684	274	274	121
7690	272	273	122
7695	273	274	120
7701	286	281	121
7707	273	274	122
7713	272	274	121
7718	273	273	122
7725	274	285	120
7731	273	274	121
7737	296	274	123
7742	273	274	122
7748	273	275	121
7754	273	273	121
7760	272	274	121
7766	272	276	120
7772	290	274	121
7778	277	298	121
7784	273	276	121
7789	281	273	121
7795	281	291	122
7801	274	279	121
7808	272	275	121
7813	286	281	121
7819	273	274	122
7825	274	274	122
7831	293	275	121
7836	272	274	122
7842	273	274	120
7848	272	275	122
7855	272	274	122
7860	273	275	120
7866	295	274	122
7872	275	297	121
7878	273	276	120
7883	282	274	121
7889	273	274	122
7896	273	274	123
7902	274	275	122
7907	272	274	122
7913	273	278	120
7919	273	274	121
7925	272	273	122
7930	274	284	120
7937	273	275	123
7943	293	274	121
7949	274	288	119
7954	273	275	122
7960	273	274	121
7966	273	274	122
7972	273	274	122
7977	273	274	121
7984	273	292	121
7990	272	274	120
7996	272	274	121
8001	274	297	120
8007	273	274	122
8013	289	274	122
8018	274	274	122
8025	273	276	120
8031	286	275	122
8037	277	297	122
8042	272	274	123
8048	273	274	121
8054	277	295	121
8060	272	277	120
8066	278	274	121
8072	273	274	122
8078	272	277	119
8084	273	274	121
8089	285	284	121
8095	273	274	122
8101	273	274	122
8108	289	279	121
8113	273	274	122
8119	272	274	121
8125	272	274	122
8131	273	274	121
8136	272	275	122
8142	273	274	122
8148	273	274	123
8155	273	274	122
8160	273	274	122
8166	274	290	120
8172	272	275	120
8178	273	273	121
8183	274	292	121
8189	273	274	122
8196	295	275	122
8202	276	297	120
8207	273	273	122
8213	273	274	121
8219	274	275	122
8225	275	274	122
8230	273	274	122
8237	275	298	121
8243	272	275	120
8249	273	274	121
8254	276	297	121
8260	274	274	122
8266	294	275	121
8272	274	297	121
8278	273	274	123
8284	273	274	121
8290	274	274	122
8296	273	275	122
8301	272	274	121
8307	276	296	121
8313	273	276	120
8320	273	274	121
8325	276	297	121
8331	273	276	122
8337	290	275	122
8343	277	297	121
8348	273	274	122
8354	273	275	121
8360	273	274	122
8366	273	278	120
8372	276	275	122
8378	273	273	121
8384	273	274	122
8389	272	274	121
8395	291	276	121
8401	273	274	122
8408	273	276	122
8413	273	274	121
8419	274	288	120
8425	273	275	122
8431	295	274	122
8436	272	274	122
8442	273	275	120
8449	272	274	121
8455	272	274	122
8460	274	275	119
8466	296	275	121
8472	275	298	121
8478	272	276	120
8483	291	274	121
8489	275	297	121
8496	273	275	121
8502	272	274	121
8507	275	298	121
8513	273	274	122
8519	285	274	121
8525	277	296	121
8530	273	275	122
8537	273	273	121
8543	273	274	122
8549	274	275	122
8554	272	275	121
8560	284	285	121
8566	275	285	120
8572	272	274	121
8578	290	276	121
8584	273	274	123
8590	273	274	122
8596	296	274	121
8601	273	275	122
8607	272	275	120
8613	273	274	121
8620	273	274	122
8625	274	276	122
8631	281	274	121
8637	281	290	121
8643	273	278	120
8648	277	274	122
8654	272	274	121
8660	273	274	122
8667	274	274	122
8672	274	274	122
8678	274	278	120
8684	272	273	121
8690	274	274	121
8695	273	278	120
8701	273	274	122
8708	287	282	121
8713	272	274	123
8719	272	274	120
8725	290	279	121
8731	274	291	121
8736	273	274	122
8742	273	274	123
8749	275	296	121
8755	272	276	120
8760	283	274	122
8766	273	274	122
8772	273	276	120
8778	274	274	122
8783	289	278	121
8790	273	274	123
8796	274	274	122
8802	296	275	121
8807	273	274	121
8813	272	275	121
8819	272	275	121
8825	273	274	123
8830	272	274	122
8837	272	274	121
8843	273	274	122
8849	274	275	122
8854	272	274	121
8860	281	294	121
8866	274	277	120
8872	273	273	121
8878	284	285	121
8884	273	274	122
8890	273	274	122
8896	296	275	122
8901	273	274	123
8907	274	275	119
8913	273	275	121
8920	273	274	122
8925	273	278	120
8931	278	275	123
8937	281	292	121
8943	274	278	121
8948	275	275	122
8954	273	275	122
8961	273	274	122
8967	273	274	122
8972	272	274	121
8978	273	288	120
8984	272	275	120
8990	273	274	122
8995	273	290	121
9001	273	275	122
9008	295	276	121
9014	276	297	121
9019	273	274	122
9025	272	275	121
9031	273	274	122
9037	273	274	123
9042	272	272	121
9049	281	291	121
9055	272	277	120
9060	274	274	122
9066	273	274	122
9072	272	279	120
9078	273	275	121
9083	296	275	121
9090	273	274	123
9096	273	275	121
9102	273	274	121
9107	275	292	121
9113	274	274	124
9119	273	274	122
9125	273	274	122
9131	273	275	122
9137	292	274	120
9143	276	297	121
9149	273	276	120
9154	288	275	122
9160	273	275	122
9166	273	274	122
9172	273	274	122
9178	273	288	121
9184	273	275	122
9190	273	274	121
9196	296	274	121
9201	273	275	123
9207	273	275	120
9213	272	274	122
9220	273	274	122
9225	273	276	120
9231	285	275	122
9237	282	289	121
9243	273	279	120
9248	275	274	123
9254	273	273	121
9261	273	274	123
9267	274	274	122
9272	273	274	123
9278	273	290	120
9284	272	274	120
9290	272	274	122
9295	275	295	122
9302	273	274	122
9308	291	275	122
9314	277	297	122
9319	273	274	122
9325	273	274	121
9331	273	274	123
9337	272	275	122
9342	273	274	122
9349	283	286	121
9355	273	280	120
9361	273	274	121
9366	285	284	121
9372	273	275	122
9378	273	275	123
9384	293	275	121
9390	273	274	122
9396	272	274	120
9402	272	274	121
9407	274	293	121
9413	273	274	122
9419	272	273	121
9425	272	274	122
9431	273	274	120
9437	294	275	122
9443	272	274	123
9449	273	274	122
9454	273	273	121
9460	277	297	121
9466	274	274	124
9473	289	275	122
9478	272	274	122
9484	272	276	120
9490	273	274	121
9496	272	274	122
9501	274	286	120
9507	273	275	122
9513	289	276	123
9520	274	287	121
9525	273	274	119
9531	295	274	121
9537	274	294	121
9543	272	277	120
9548	295	275	121
9554	273	274	122
9561	273	274	122
9567	291	274	121
9572	273	274	122
9578	272	277	120
9584	272	274	121
9590	273	274	122
9595	272	278	119
9602	275	275	123
9608	287	280	121
9614	273	285	120
9619	274	273	122
9625	273	274	121
9631	273	273	122
9637	274	274	122
9643	273	273	121
9649	275	294	120
9655	272	275	120
9661	272	274	121
9666	275	296	121
9672	273	274	122
9678	287	275	121
9684	278	295	121
9690	273	275	123
9696	272	273	122
9702	273	273	122
9708	273	274	121
9713	273	274	121
9719	289	277	121
9725	274	284	120
9732	272	276	121
9737	293	275	121
9743	273	274	122
9749	273	275	122
9754	273	274	121
9760	274	293	121
9766	273	274	123
9773	296	275	121
9778	272	274	122
9784	272	274	120
9790	295	275	121
9796	275	296	121
9801	273	274	122
9807	273	273	122
9814	275	296	120
9820	273	275	120
9825	280	274	123
9831	273	274	122
9837	273	274	124
9843	274	274	122
9848	273	274	121
9854	273	280	120
9861	273	274	120
9867	272	274	121
9872	274	274	122
9878	272	276	120
9884	273	274	121
9890	273	274	122
9895	272	276	120
9902	291	275	121
9908	276	297	121
9914	272	277	120
9919	279	274	123
9925	272	274	122
9931	273	274	122
9937	273	274	122
9943	273	275	122
9949	273	280	120
9955	273	274	121
9961	273	274	122
9966	273	281	120
9972	272	274	122
9978	291	275	120
9985	273	284	120
9990	273	274	122
9996	273	274	121
10002	273	274	121
10008	272	275	120
10013	287	274	121
10019	272	274	122
10025	273	284	120
10032	273	274	122
10037	273	274	121
10043	283	287	121
10049	272	275	124
10055	272	275	120
10061	290	274	122
10066	272	274	122
10073	273	286	120
10079	273	274	122
10085	273	274	121
10090	283	288	121
10096	274	274	122
10102	273	274	122
10108	293	275	122
10115	274	274	122
10120	273	279	122
10126	272	274	121
10132	295	274	121
10138	272	274	122
10143	274	278	119
10149	273	275	122
10156	272	274	121
10162	280	294	121
10167	273	274	122
10173	273	275	121
10179	296	276	120
10185	274	274	122
10191	272	276	119
10196	273	274	122
10203	273	274	120
10209	278	295	121
10215	273	274	122
10220	274	274	121
10226	295	274	120
10232	272	274	122
10238	273	279	120
10245	275	274	122
10250	273	276	121
10256	280	292	121
10262	273	274	122
10268	273	275	120
10273	288	274	120
10279	273	274	121
10286	274	287	120
10292	273	274	122
10297	272	274	121
10303	282	288	121
10309	274	274	123
10315	273	275	120
10321	291	275	121
10327	273	274	122
10333	273	278	120
10339	273	275	121
10345	272	274	122
10350	275	298	121
10356	272	274	122
10362	272	274	121
10369	296	274	121
10375	274	274	122
10380	273	280	120
10386	273	274	124
10392	272	273	121
10398	278	296	121
10403	272	274	122
10409	273	275	121
10416	296	274	121
10422	273	274	122
10428	273	277	120
10433	274	275	121
10439	295	275	121
10445	272	274	121
10451	273	276	120
10457	275	274	122
10463	272	274	121
10469	274	292	121
10475	273	274	122
10480	272	274	121
10486	289	278	121
10492	272	274	122
10499	272	275	120
10505	280	274	122
10510	272	274	121
10516	274	282	119
10522	273	274	122
10528	273	274	120
10533	281	290	122
10540	274	274	123
10546	272	274	120
10552	293	274	122
10558	273	274	122
10563	274	278	119
10569	273	274	122
10575	273	274	121
10582	275	297	121
10587	272	274	122
10593	272	274	121
10599	295	275	121
10605	273	274	122
10610	273	277	120
10616	273	274	121
10622	273	274	121
10629	274	293	121
10635	273	274	122
10640	272	274	121
10646	288	280	120
10652	272	274	122
10658	272	276	120
10663	274	275	122
10670	273	274	122
10676	274	289	120
10682	274	275	122
10688	272	274	121
10693	288	280	120
10699	272	274	122
10705	273	275	120
10712	284	275	122
10717	272	274	120
10723	275	292	121
10729	274	274	122
10735	272	274	121
10741	291	275	121
10746	272	274	121
10753	273	274	122
10759	272	273	121
10765	295	274	121
10770	273	275	122
10776	273	276	120
10782	273	275	123
10788	273	274	121
10793	275	298	121
10800	273	274	123
10806	272	273	121
10812	296	274	122
10818	273	274	122
10823	273	278	120
10829	273	275	122
10835	272	275	121
10842	275	297	121
10847	274	274	122
10853	273	274	121
10859	296	274	121
10865	273	274	122
10871	273	276	120
10876	273	274	122
10883	274	274	123
10889	275	298	120
10895	273	274	122
10900	272	274	119
10906	296	274	121
10912	273	275	122
10918	272	276	120
10924	274	274	122
10930	273	274	121
10936	275	298	121
10942	273	275	122
10948	272	274	120
10953	296	274	121
10959	273	274	122
10966	273	277	120
10972	273	274	122
10977	272	275	121
10983	278	295	121
10989	273	274	122
10995	272	274	120
11001	293	275	122
11006	273	274	122
11013	273	279	120
11019	274	274	122
11025	273	274	121
11030	283	287	120
11036	273	274	122
11042	272	275	120
11048	292	275	121
11055	273	274	122
11060	273	282	122
11066	272	275	121
11072	294	275	123
11078	274	274	122
11083	273	279	120
11089	273	275	123
11096	273	274	122
11102	275	296	121
11107	274	273	122
11113	272	274	121
11119	294	275	121
11125	273	274	122
11131	272	276	120
11137	276	274	122
11143	273	274	122
11149	274	295	121
11155	272	274	124
11160	273	274	122
11166	294	275	121
11172	273	274	122
11179	273	276	120
11185	278	275	122
11190	273	274	121
11196	274	292	120
11202	273	274	122
11208	273	274	121
11213	285	283	121
11219	273	274	122
11226	273	275	120
11232	284	275	121
11237	272	274	121
11243	273	287	120
11249	274	273	122
11255	272	273	121
11261	290	276	121
11267	272	273	122
11273	272	277	120
11279	277	274	123
11285	273	273	121
11290	275	294	121
11296	273	274	122
11302	272	274	121
11309	294	275	120
11315	272	274	122
11320	272	276	120
11326	273	274	122
11332	272	274	122
11338	274	297	121
11343	273	275	123
11350	272	273	121
11356	295	275	121
11362	273	274	121
11368	272	276	120
11373	273	274	121
11379	296	274	121
11385	273	274	122
11392	273	277	120
11397	274	275	122
11403	273	273	121
11409	276	297	121
11415	273	274	123
11420	272	274	121
11426	296	274	121
11432	274	273	122
11439	273	284	120
11445	273	274	122
11450	272	274	121
11456	285	284	121
11462	273	273	122
11468	272	276	120
11473	276	274	122
11480	272	274	122
11486	275	293	121
11492	273	275	123
11498	273	274	121
11503	292	275	121
11509	273	274	122
11515	273	275	120
11522	273	275	122
11527	274	274	122
11533	276	296	121
11539	273	274	122
11545	273	274	120
11550	294	275	121
11556	274	274	122
11563	272	277	119
11569	274	274	123
11575	272	274	121
11580	275	296	121
11586	273	274	122
11592	272	274	121
11598	294	275	121
11603	273	274	121
11610	273	276	120
11616	273	274	124
11622	272	273	121
11628	274	294	121
11633	274	274	122
11639	273	274	121
11645	293	275	121
11652	273	274	122
11657	272	276	119
11663	273	274	122
11669	272	274	122
11675	274	294	121
11681	273	274	122
11686	272	274	122
11693	273	274	121
11699	275	298	120
11705	274	274	123
11710	273	274	121
11716	296	275	121
11722	273	274	124
11728	273	278	120
11734	274	274	121
11740	274	273	121
11746	278	296	121
11752	273	274	122
11758	273	274	121
11763	295	274	121
11769	273	274	122
11776	273	276	120
11782	273	274	122
11787	272	273	121
11793	275	298	120
11799	272	274	122
11805	272	274	121
11811	296	274	121
11816	273	275	122
11823	273	280	120
11829	273	275	122
11835	272	273	122
11840	275	297	121
11846	273	274	122
11852	273	273	121
11858	296	275	121
11864	273	274	121
11870	273	278	120
11876	274	274	122
11882	273	274	121
11888	277	296	121
11893	273	274	123
11899	273	275	120
11906	295	274	121
11912	273	274	122
11917	273	276	120
11923	273	274	122
11929	273	274	122
11935	275	299	121
11941	273	274	122
11947	272	274	119
11953	296	274	121
11959	273	274	122
11965	273	279	120
11970	274	275	122
11976	272	274	121
11982	279	294	120
11988	273	274	123
11995	272	275	120
12000	293	274	122
12006	281	291	121
12012	273	274	121
12018	274	275	120
12023	287	274	122
12029	273	274	122
12036	274	283	120
12042	274	274	121
12047	273	274	121
12053	289	277	121
12059	273	274	122
12065	272	275	120
12071	282	275	122
12077	274	274	122
12083	274	286	120
12089	274	274	122
12095	272	274	121
12100	289	278	121
12106	273	274	122
12112	273	275	120
12119	280	275	121
12125	272	275	121
12130	274	292	121
12136	273	275	122
12142	272	274	121
12148	295	274	121
12153	273	274	122
12160	273	277	120
12166	273	273	122
12172	273	274	121
12177	274	293	121
12183	274	274	122
12189	273	274	121
12195	290	276	121
12201	273	274	122
12207	272	276	120
12213	275	274	121
12219	274	274	121
12225	274	297	121
12230	273	273	124
12236	272	275	121
12242	295	275	121
12249	274	274	122
12255	273	277	120
12260	274	275	122
12266	273	274	121
12272	275	296	121
12278	273	274	123
12283	272	274	120
12290	296	275	121
12296	272	274	122
12302	274	281	119
12308	273	275	122
12313	273	274	122
12319	273	274	122
12325	274	286	120
12332	273	275	122
12337	272	273	123
12343	282	290	120
12349	273	274	123
12355	272	275	120
12360	293	274	121
12366	272	274	121
12372	274	280	120
12379	273	274	121
12385	273	273	121
12390	283	289	121
12396	273	274	122
12402	273	276	120
12408	277	275	122
12413	273	273	123
12420	276	295	121
12426	275	274	122
12432	272	275	121
12438	296	274	121
12443	273	273	122
12449	273	276	120
12455	274	274	122
12462	273	274	121
12467	276	297	121
12473	273	274	122
12479	273	274	121
12485	296	275	121
12490	273	273	122
12496	273	280	120
12503	273	275	122
12509	273	274	123
12515	279	294	121
12520	273	274	123
12526	272	275	121
12532	296	275	121
12538	273	274	122
12544	273	278	120
12550	273	274	121
12556	274	274	121
12562	277	296	121
12568	274	274	122
12573	272	276	121
12579	294	274	121
12585	273	274	122
12592	273	278	120
12597	272	274	122
12603	272	274	121
12609	280	292	120
12615	274	273	122
12621	273	275	121
12626	296	274	121
12633	277	297	121
12639	273	274	123
12645	273	274	120
12650	294	275	121
12656	273	274	122
12662	273	281	120
12668	273	276	122
12674	273	274	121
12680	277	297	121
12686	273	274	123
12692	272	274	121
12698	296	275	121
12703	273	274	122
12709	274	277	120
12716	273	274	121
12722	273	273	121
12727	275	296	121
12733	273	274	122
12739	273	274	121
12745	294	274	121
12751	273	274	121
12756	273	276	120
12763	273	274	121
12769	273	274	121
12775	279	292	120
12780	273	274	122
12786	272	275	121
12792	296	274	122
12798	272	275	121
12804	273	286	122
12810	273	274	122
12816	273	274	121
12822	288	279	121
12828	273	273	122
12833	273	275	120
12839	281	275	122
12846	273	273	121
12852	274	290	120
12857	273	274	122
12863	272	275	121
12869	289	277	121
12875	273	274	122
12881	272	275	119
12887	276	273	122
12893	273	274	121
12899	273	289	121
12905	274	275	122
12910	272	274	121
12916	285	285	122
12922	274	273	122
12929	272	275	120
12935	289	275	122
12940	274	275	121
12946	273	274	123
12952	272	275	120
12958	287	274	122
12963	273	275	122
12969	274	287	121
12976	273	275	122
12982	273	274	121
12987	282	287	121
12993	273	274	124
12999	272	275	120
13005	286	274	121
13011	272	274	122
13017	273	283	120
13023	273	274	121
13029	272	273	121
13035	282	289	121
13040	274	274	122
13046	273	275	120
13052	294	275	121
13059	273	274	122
13065	273	283	120
13070	273	275	122
13076	272	274	121
13082	283	288	121
13088	273	274	122
13093	273	275	120
13100	293	274	121
13106	273	275	122
13112	274	282	120
13117	273	275	122
13123	273	273	122
13129	280	292	121
13135	273	274	121
13142	272	275	120
13147	296	274	121
13153	273	274	122
13159	272	279	120
13165	273	274	121
13170	274	273	121
13176	280	294	121
13182	273	274	122
13189	272	275	120
13195	293	274	123
13200	273	273	122
13206	273	284	120
13212	273	275	122
13218	273	274	121
13223	285	282	121
13230	273	274	122
13236	273	275	120
13242	278	274	121
13248	273	274	121
13253	273	290	122
13259	272	275	121
13265	281	274	121
13272	273	274	122
13277	274	290	121
13283	272	274	122
13289	274	274	121
13295	291	276	121
13300	273	274	122
13306	272	276	120
13313	275	274	121
13319	273	273	122
13325	274	290	120
13330	273	274	124
13336	274	273	121
13342	283	288	121
13348	273	274	122
13353	272	275	120
13360	296	275	122
13366	273	274	123
13372	273	279	120
13378	273	274	122
13383	273	274	121
13389	276	297	120
13395	273	274	123
13402	273	274	122
13407	296	275	121
13413	273	274	122
13419	274	281	120
13425	273	274	122
13430	272	274	121
13436	278	295	121
13443	273	274	124
13449	272	275	121
13455	291	276	121
13460	273	274	122
13466	275	280	120
13472	274	275	122
13478	273	274	122
13484	278	296	121
13490	272	274	123
13496	273	275	121
13502	289	275	121
13508	273	274	121
13513	273	287	120
13519	273	274	121
13526	274	273	121
13532	281	289	121
13537	274	274	122
13543	274	275	120
13549	295	274	121
13555	273	274	122
13561	273	281	120
13566	273	274	120
13573	285	275	123
13579	273	274	121
13585	274	289	120
13590	273	274	122
13596	272	274	120
13602	289	277	121
13608	273	274	124
13614	273	275	120
13620	281	276	122
13626	273	274	122
13632	275	292	121
13638	273	274	122
13643	273	274	122
13649	286	283	121
13656	274	274	124
13662	273	276	120
13667	273	274	123
13673	272	274	122
13679	274	291	121
13685	273	274	122
13691	272	275	121
13697	290	276	122
13703	273	274	121
13709	273	276	120
13715	275	274	122
13720	273	273	122
13726	274	290	121
13732	273	275	122
13739	272	273	122
13744	281	292	121
13750	273	274	121
13756	273	275	120
13762	294	275	121
13768	273	273	122
13773	273	283	120
13779	274	274	122
13786	273	274	121
13792	283	287	121
13797	273	274	122
13803	273	275	120
13809	280	274	121
13815	273	273	122
13821	274	294	121
13827	273	274	122
13833	273	273	121
13839	294	275	121
13845	273	275	123
13850	272	276	120
13856	280	274	121
13862	273	274	121
13869	273	290	120
13875	273	274	122
13880	272	275	122
13886	273	274	121
13892	275	289	120
13898	273	275	122
13903	273	273	122
13910	287	280	121
13916	273	274	122
13922	272	274	120
13927	291	274	121
13933	273	274	121
13939	273	281	120
13945	275	274	123
13952	273	275	122
13957	276	298	121
13963	273	275	122
13969	272	274	120
13975	295	275	121
13980	273	274	122
13986	273	277	120
13992	275	274	122
13999	273	275	121
14005	275	298	122
14010	273	274	122
14016	272	275	121
14022	290	276	121
14028	274	274	122
14033	273	275	120
14040	278	273	121
14046	273	274	121
14052	274	292	121
14057	273	274	122
14063	273	274	120
14069	291	277	121
14075	273	274	124
14082	274	276	120
14087	274	274	122
14093	273	274	121
14099	275	291	120
14105	273	274	122
14110	273	274	122
14116	289	277	121
14123	273	274	123
14129	272	275	120
14135	281	274	122
14140	273	274	121
14146	273	287	120
14152	274	274	122
14158	272	274	121
14163	283	288	122
14170	273	274	124
14176	273	275	120
14182	287	276	121
14188	273	273	122
14193	274	290	122
14199	272	276	120
14205	276	274	122
14212	272	273	120
14217	274	296	121
14223	273	274	122
14229	273	273	121
14235	293	274	122
14240	273	274	122
14246	273	277	120
14253	273	275	122
14259	274	274	121
14265	274	298	121
14270	275	275	122
14276	272	276	121
14282	298	275	122
14288	273	274	122
14294	274	276	122
14300	274	277	122
14306	274	274	123
14312	275	299	121
14318	275	274	124
14323	272	275	121
14329	296	274	121
14336	273	274	122
14342	272	276	120
14347	273	274	122
14353	274	274	122
14359	275	299	121
14365	273	274	122
14370	272	274	122
14376	296	275	121
14383	272	274	122
14389	272	277	120
14395	273	274	122
14400	274	274	121
14406	276	298	121
14412	273	274	123
14418	273	275	121
14424	296	275	121
14430	273	274	122
14436	274	276	120
14442	273	274	123
14448	273	273	121
14453	275	295	121
14459	273	274	123
14466	272	273	121
14472	293	275	121
14477	273	274	122
14483	273	277	120
14489	273	275	122
14495	273	274	121
14501	275	297	121
14507	273	274	120
14513	273	274	122
14519	273	274	122
14525	279	293	121
14530	274	274	122
14536	272	275	120
14542	291	275	122
14548	274	274	122
14554	273	284	120
14560	273	274	122
14566	272	274	122
14572	287	283	121
14578	273	274	121
14583	273	275	121
14589	283	274	122
14596	272	273	122
14602	274	288	120
14607	273	274	122
14613	272	274	121
14619	282	288	120
14625	273	274	122
14631	272	274	120
14637	286	274	122
14643	273	275	122
14649	273	286	120
14655	273	273	122
14660	273	273	121
14666	284	287	122
14672	273	275	123
14679	273	274	122
14684	286	276	121
14690	273	274	122
14696	273	283	120
14702	273	274	122
14708	273	275	121
14713	283	289	122
14720	273	275	122
14726	273	275	122
14732	288	274	121
14737	273	274	122
14743	273	285	120
14749	273	274	122
14755	274	274	121
14761	280	293	121
14767	273	274	122
14773	272	276	120
14779	290	275	121
14785	273	274	122
14790	274	291	121
14796	273	274	122
14802	272	274	121
14809	291	277	120
14815	273	275	122
14820	273	276	122
14826	272	274	119
14832	295	275	121
14838	273	274	122
14843	275	281	119
14850	273	274	122
14856	273	274	122
14862	283	286	121
14867	273	274	123
14873	272	275	120
14879	284	275	121
14885	274	273	122
14892	274	288	120
14897	274	274	123
14903	273	275	121
14909	291	276	121
14915	272	275	122
14920	273	275	120
14926	275	275	122
14932	274	274	122
14939	274	291	121
14945	274	274	122
14950	273	275	121
14956	293	275	122
14962	272	274	122
14968	274	276	120
14973	275	275	122
14980	273	275	121
14986	275	297	121
14992	275	274	123
14997	273	276	121
15003	297	275	122
15009	273	275	122
15015	274	278	120
15022	273	274	121
15027	273	274	122
15033	278	294	121
15039	273	274	122
15045	273	275	120
15050	285	275	121
15056	273	274	122
15063	274	292	121
15069	273	274	122
15075	272	273	121
15080	288	279	121
15086	272	274	122
15092	273	276	120
15098	274	275	123
15104	274	274	122
15110	275	298	121
15116	272	274	121
15122	273	274	121
15128	296	275	121
15133	273	274	121
15139	273	274	123
15145	273	274	120
15152	294	275	121
15157	273	274	122
15163	273	284	120
15169	273	275	122
15175	272	274	121
15180	280	292	121
15186	273	274	122
15193	273	275	121
15199	294	274	121
15205	273	274	122
15210	272	280	120
15216	273	274	121
15222	272	274	121
15228	282	288	121
15234	273	274	122
15240	272	275	121
15246	290	274	122
15252	273	274	122
15258	275	287	120
15263	273	274	123
15269	273	274	122
15276	285	283	121
15282	274	274	122
15287	273	275	120
15293	290	274	122
15299	273	274	122
15305	273	284	120
15310	275	274	122
15316	273	274	121
15323	288	279	120
15329	274	274	122
15335	272	275	120
15340	274	274	122
15346	273	274	121
15352	276	297	121
15358	273	274	122
15364	272	275	120
15370	295	274	121
15376	273	274	122
15382	273	280	120
15388	272	276	122
15393	273	274	121
15399	287	280	121
15406	273	274	121
15412	273	275	122
15417	275	276	122
15423	274	273	123
15429	274	297	121
15435	273	275	124
15441	272	275	121
15447	297	274	123
15453	275	297	120
15459	273	275	123
15465	272	274	120
15470	295	274	121
15476	272	274	122
15482	273	276	120
15489	273	275	122
15494	273	273	121
15500	277	297	121
15506	272	274	122
15512	273	274	120
15518	296	275	121
15523	273	274	122
15529	274	280	120
15536	274	274	122
15542	272	274	120
15547	277	296	120
15553	273	273	123
15559	273	275	120
15565	296	274	121
15571	273	274	122
15577	273	281	120
15583	273	274	123
15589	272	273	122
15595	282	289	121
15600	273	275	123
15606	272	275	120
15612	293	275	123
15619	272	275	122
15624	274	283	120
15630	273	274	122
15636	272	273	121
15642	282	288	122
15648	273	274	123
15653	273	275	120
15660	288	275	121
15666	273	274	122
15672	273	286	121
15677	273	273	122
15683	273	273	121
15689	288	280	121
15695	273	274	122
15702	273	275	120
15707	284	275	121
15713	273	274	122
15719	275	289	119
15725	274	276	122
15730	273	274	121
15736	288	279	121
15742	273	274	123
15749	272	275	120
15755	278	274	122
15760	275	274	121
15766	272	273	122
15772	272	276	120
15778	273	274	122
15783	273	274	122
15790	274	297	120
15796	272	274	122
15802	272	274	120
15807	296	275	121
15813	272	274	122
15819	273	278	120
15825	273	274	122
15832	272	274	121
15837	278	295	120
15843	273	274	122
15849	273	275	120
15855	296	274	121
15860	273	274	122
15866	272	276	120
15873	273	274	122
15879	272	274	121
15885	276	297	121
15890	273	274	123
15896	272	274	121
15902	296	275	121
15908	273	274	122
15913	273	277	120
15920	273	274	122
15926	274	274	121
15932	277	297	120
15937	273	274	122
15943	272	274	120
15949	296	275	121
15955	272	274	122
15962	273	276	120
15967	273	275	122
15973	272	274	121
15979	275	297	120
15985	273	274	123
15990	272	274	121
15996	291	276	121
16003	272	274	122
16009	274	275	120
16015	285	274	122
16020	273	274	121
16026	273	288	120
16032	273	274	122
16038	273	274	120
16044	284	285	121
16050	273	275	122
16056	275	275	120
16062	288	275	122
16068	273	274	122
16073	273	283	122
16079	272	276	120
16086	291	274	122
16092	273	274	122
16097	273	283	121
16103	274	274	122
16109	273	274	121
16115	286	285	121
16120	272	273	123
16126	273	274	120
16133	284	275	122
16139	273	274	122
16145	275	290	120
16150	273	275	122
16156	273	274	122
16162	289	279	121
16168	273	274	121
16174	273	276	120
16180	281	274	123
16186	273	274	122
16192	274	287	120
16198	274	274	122
16203	274	274	120
16209	283	286	121
16216	273	274	122
16222	273	275	120
16227	278	274	122
16233	273	274	122
16239	274	293	121
16245	274	274	122
16250	272	273	121
16257	292	276	121
16263	273	274	123
16269	273	275	120
16275	278	274	122
16280	273	274	121
16286	274	292	121
16292	273	274	122
16299	273	273	121
16304	291	276	121
16310	273	274	122
16316	273	275	120
16322	273	274	121
16328	274	274	123
16333	275	296	121
16339	273	274	122
16346	273	274	121
16352	295	275	121
16357	273	274	122
16363	273	276	120
16369	273	274	121
16375	272	273	121
16381	278	296	121
16387	273	274	120
16393	274	274	122
16399	272	273	121
16405	277	295	121
16410	274	274	123
16416	272	275	120
16422	290	274	120
16429	272	274	122
16434	274	290	120
16440	272	274	122
16446	273	273	121
16452	292	275	120
16458	273	274	122
16463	272	276	119
16470	274	274	122
16476	272	273	122
16482	275	296	121
16487	273	274	122
16493	272	274	121
16499	296	274	121
16505	272	274	122
16512	273	277	120
16517	273	274	121
16523	273	274	122
16529	275	297	121
16535	273	274	122
16540	272	274	121
16546	294	275	121
16552	272	274	122
16559	273	276	120
16564	273	274	122
16570	272	274	121
16576	277	296	121
16582	273	274	122
16588	272	274	120
16593	292	275	122
16600	272	274	122
16606	274	286	120
16612	274	274	122
16617	273	275	121
16623	285	282	123
16629	273	273	123
16635	272	275	120
16642	284	274	122
16647	273	274	122
16653	273	289	120
16659	272	275	122
16665	272	274	121
16670	287	283	121
16676	274	274	122
16683	272	275	120
16689	278	274	122
16695	273	273	122
16700	274	293	122
16706	273	276	120
16712	276	275	122
16718	274	273	122
16723	274	295	121
16730	275	274	122
16736	273	273	121
16742	289	277	121
16747	273	274	122
16753	272	276	119
16759	275	275	122
16765	273	274	121
16772	274	293	122
16777	272	273	122
16783	273	274	121
16789	290	277	121
16795	275	274	122
16800	272	276	120
16806	280	274	122
16813	273	274	121
16819	275	293	121
16825	273	275	122
16830	273	274	122
16836	289	277	121
16842	273	274	122
16848	272	276	120
16854	287	274	121
16860	274	274	121
16866	273	281	120
16872	273	274	121
16877	273	274	121
16883	278	296	121
16889	273	274	122
16896	272	275	120
16902	296	275	121
16907	272	274	122
16913	274	281	121
16919	273	274	122
16925	273	274	121
16930	276	297	120
16936	273	274	122
16943	272	274	121
16949	296	274	121
16955	273	274	122
16960	273	276	120
16966	273	275	122
16972	273	274	121
16978	275	296	120
16984	273	274	122
16990	273	274	120
16996	294	275	121
17002	273	274	122
17008	272	277	120
17013	273	274	120
17019	296	275	121
17026	273	274	121
17032	273	278	120
17037	273	275	122
17043	272	274	121
17049	279	294	121
17055	272	274	123
17060	273	275	120
17067	292	274	121
17073	273	274	122
17079	273	281	120
17085	273	274	122
17090	273	275	121
17096	283	287	121
17102	272	274	122
17108	273	275	120
17114	294	276	121
17120	273	274	123
17126	274	286	119
17132	274	274	122
17138	274	274	120
17143	279	293	121
17149	273	274	122
17156	272	274	121
17162	294	275	122
17167	272	274	122
17173	272	282	119
17179	273	274	122
17185	272	274	121
17190	279	294	121
17197	273	274	122
17203	273	274	120
17209	287	274	122
17215	273	274	122
17220	273	282	120
17226	272	274	122
17232	272	274	121
17239	281	290	121
17244	273	275	122
17250	272	275	121
17256	294	274	120
17262	272	274	122
17268	273	282	119
17273	273	275	122
17280	272	273	120
17286	278	295	121
17292	272	274	122
17297	273	274	121
17303	295	275	120
17309	273	274	122
17315	273	279	119
17321	274	274	122
17327	272	273	122
17333	273	274	122
17339	273	279	120
17345	273	274	122
17350	273	274	121
17356	281	291	121
17362	274	274	122
17369	272	275	120
17374	289	275	121
17380	272	274	122
17386	273	285	120
17392	274	274	122
17398	272	274	121
17403	292	277	121
17410	273	274	122
17416	273	275	120
17422	281	274	122
17427	273	274	122
17433	274	290	120
17439	273	274	122
17445	273	273	121
17452	287	281	121
17457	273	275	122
17463	272	275	120
17469	281	274	122
17475	273	273	121
17480	274	293	121
17486	273	274	122
17492	272	273	121
17499	289	277	121
17504	273	274	122
17510	272	275	119
17516	285	274	121
17522	272	273	122
17528	273	288	120
17533	272	275	122
17540	273	274	121
17546	290	276	121
17552	274	274	122
17557	272	276	119
17563	275	274	122
17569	272	274	121
17575	275	298	121
17582	274	274	122
17587	272	274	121
17593	295	274	121
17599	274	274	122
17605	272	276	118
17610	273	274	122
17616	272	274	120
17623	275	296	120
17629	272	274	122
17635	272	274	121
17640	295	275	121
17646	277	296	120
17652	274	274	121
17658	272	274	121
17664	295	275	121
17670	273	274	122
17676	273	281	120
17682	273	274	122
17687	272	273	121
17693	279	293	121
17699	273	274	123
17705	272	275	120
17712	280	274	121
17717	273	273	122
17723	273	287	120
17729	273	274	122
17735	273	274	121
17740	291	276	121
17746	273	274	122
17753	273	276	119
17759	274	274	121
17765	274	274	121
17770	276	297	121
17776	273	274	122
17782	273	274	121
17788	293	275	121
17794	274	274	123
17800	272	276	120
17806	274	274	122
17812	272	274	122
17817	275	295	121
17823	274	274	122
17829	273	273	121
17836	289	277	121
17842	272	274	122
17847	272	275	119
17853	281	274	121
17859	272	274	122
17865	273	287	120
17870	273	275	122
17876	273	274	121
17883	292	275	120
17889	273	274	122
17895	273	277	119
17900	273	274	122
17906	272	274	122
17912	279	295	121
17918	272	273	122
17924	273	274	121
17930	294	275	121
17936	273	274	122
17942	274	279	119
17948	273	274	122
17953	273	274	121
17959	273	274	122
17966	273	282	120
17972	273	274	122
17977	273	274	121
17983	276	296	121
17989	273	274	121
17995	273	275	121
18000	294	275	121
18007	273	273	122
18013	273	278	120
18019	273	274	122
18025	273	274	121
18030	276	297	121
18036	273	274	121
18042	273	274	121
18049	295	274	121
18054	273	273	122
18060	273	278	120
18066	273	274	122
18072	273	274	122
18078	275	297	120
18083	273	274	122
18089	273	274	122
18096	295	274	121
18102	273	275	122
18107	272	277	120
18113	273	274	122
18119	274	274	120
18125	276	297	121
18130	273	275	123
18137	272	273	121
18143	296	274	121
18149	274	274	122
18155	272	276	120
18160	273	274	122
18166	273	274	122
18172	275	296	121
18179	273	274	122
18184	272	276	121
18190	296	274	121
18196	273	274	122
18202	273	276	120
18208	274	274	122
18213	273	275	121
18220	275	298	121
18226	274	273	123
18232	272	275	121
18237	296	274	121
18243	273	274	122
18249	273	277	120
18255	273	275	122
18262	273	274	122
18267	279	292	122
18273	273	284	120
18279	273	274	122
18285	274	273	121
18290	278	295	121
18296	273	274	124
18302	272	275	120
18309	284	275	121
18314	272	274	121
18320	274	292	121
18326	273	274	122
18332	272	275	121
18338	284	286	121
18343	275	274	122
18350	272	275	121
18356	297	275	122
18362	273	274	123
18367	273	284	120
18373	273	274	123
18379	273	273	121
18385	276	298	121
18392	272	274	123
18397	272	274	121
18403	296	276	121
18409	273	274	122
18415	273	276	120
18420	273	274	121
18426	273	273	121
18433	276	297	122
18439	273	274	123
18444	273	274	121
18450	296	275	121
18456	273	274	121
18462	273	277	120
18468	273	275	121
18473	273	273	121
18480	279	295	121
18486	272	275	122
18492	273	275	120
18497	285	274	122
18503	272	274	122
18509	274	289	120
18515	274	275	122
18522	273	273	121
18527	292	275	123
18533	273	274	122
18539	273	276	120
18545	276	274	122
18550	272	274	121
18556	275	295	121
18563	274	274	124
18569	272	274	119
18575	293	275	121
18580	274	274	121
18586	273	275	123
18592	273	274	121
18598	296	276	121
18604	273	275	122
18610	274	281	120
18616	274	274	123
18622	273	274	121
18627	281	291	121
18633	273	273	122
18639	273	275	120
18646	277	274	121
18652	274	274	122
18657	275	295	121
18663	274	274	122
18669	273	275	121
18675	294	275	122
18680	273	274	122
18686	273	277	120
18693	273	275	122
18699	272	274	121
18705	276	298	122
18710	273	274	122
18716	272	274	121
18722	295	275	121
18728	273	274	122
18734	274	277	120
18740	273	275	122
18746	273	274	123
18752	279	296	121
18757	273	275	122
18763	272	275	121
18769	288	274	122
18776	273	274	122
18782	274	289	120
18787	273	274	122
18793	273	274	121
18799	289	278	121
18805	273	274	122
18810	273	276	120
18817	277	274	123
18823	273	273	121
18829	274	291	120
18835	273	274	122
18840	274	273	120
18846	291	277	121
18852	273	274	122
18859	273	275	120
18864	282	274	121
18870	273	274	122
18876	274	291	122
18882	273	275	122
18888	272	274	121
18893	292	275	122
18899	274	293	121
18906	274	275	122
18912	273	274	122
18917	291	276	120
18923	273	275	122
18929	272	276	121
18935	276	275	122
18940	273	274	122
18947	274	295	121
18953	274	274	122
18959	273	275	121
18965	289	279	121
18970	273	274	122
18976	272	275	121
18982	278	275	122
18989	273	274	122
18994	274	292	121
19000	273	275	122
19006	273	274	122
19012	288	278	121
19018	273	273	122
19023	275	276	120
19030	275	275	122
19036	273	274	121
19042	275	295	123
19047	272	275	122
19053	273	274	121
19059	291	276	121
19065	273	274	123
19070	274	276	119
19077	275	276	122
19083	273	274	122
19089	275	296	121
19095	274	274	122
19100	273	273	121
19106	294	275	122
19112	273	273	122
19119	273	277	120
19124	273	275	121
19130	275	274	121
19136	275	298	121
19142	273	274	122
19148	272	276	121
19153	296	275	120
19160	273	274	122
19166	274	283	120
19172	273	274	122
19177	274	274	121
19183	285	283	121
19189	273	275	123
19195	272	275	120
19202	282	275	121
19207	273	274	121
19213	273	274	122
19219	273	276	120
19225	273	275	122
19230	273	274	123
19236	275	297	121
19243	275	274	124
19249	273	274	121
19254	296	274	123
19260	273	273	122
19266	272	277	119
19272	274	276	122
19278	273	274	122
19283	287	284	121
19290	273	274	123
19296	273	275	120
19302	285	274	122
19307	272	274	121
19313	273	289	120
19319	273	274	122
19325	272	275	121
19332	289	278	121
19337	272	274	122
19343	273	275	120
19349	278	275	122
19355	272	274	122
19360	274	290	122
19366	273	274	122
19373	272	274	121
19379	288	280	121
19384	273	274	122
19390	272	275	120
19396	276	274	122
19402	273	274	121
19408	275	291	121
19414	273	276	122
19420	272	274	121
19426	286	284	121
19432	273	274	122
19437	273	275	120
19443	283	274	122
19449	273	274	123
19456	275	291	121
19462	273	273	122
19467	273	273	121
19473	293	276	121
19479	273	274	122
19485	272	278	120
19490	273	274	123
19496	274	273	122
19503	274	293	121
19509	273	274	122
19515	272	274	121
19520	292	275	122
19526	275	296	121
19532	275	274	123
19538	273	276	121
19544	296	275	122
19550	273	276	122
19556	273	276	121
19562	274	276	122
19567	273	274	123
19573	277	298	121
19579	273	274	123
19586	274	275	120
19592	293	275	121
19597	273	274	123
19603	272	279	120
19609	273	275	121
19615	274	274	121
19620	277	297	120
19627	273	274	122
19633	272	275	121
19639	295	274	122
19645	274	274	122
19650	274	278	119
19656	273	274	123
19662	272	274	120
19668	276	297	121
19674	274	274	122
19680	272	275	122
19686	295	274	121
19692	274	274	122
19697	274	282	121
19703	274	275	122
19709	272	275	121
19716	279	294	121
19722	274	274	123
19727	272	274	121
19733	296	275	121
19739	273	274	122
19745	273	282	120
19750	274	275	122
19757	272	273	121
19763	281	289	121
19769	273	274	123
19775	272	275	120
19780	292	275	121
19786	273	273	122
19792	274	280	120
19799	273	273	122
19804	273	273	121
19810	278	297	121
19816	274	274	122
19822	272	275	120
19828	292	275	123
19833	273	274	120
19840	273	274	122
19846	272	275	120
19852	278	275	122
19857	273	275	122
19863	275	296	121
19869	273	275	122
19875	272	275	121
19880	295	275	121
19887	272	274	123
19893	274	278	120
19899	273	274	122
19905	272	274	121
19910	277	298	121
19916	274	274	123
19922	273	276	120
19929	294	275	121
19934	273	274	124
19940	274	284	120
19946	273	274	122
19952	274	273	121
19958	275	299	121
19963	273	274	124
19970	272	274	120
19976	293	274	123
19982	273	274	121
19987	274	288	122
19993	273	274	123
19999	274	273	123
20005	290	278	121
20011	274	274	124
20017	273	277	120
20023	274	274	122
20029	273	274	121
20035	276	297	120
20040	273	274	122
20046	272	275	121
20052	295	275	121
20059	272	275	122
20064	274	285	121
20070	273	275	122
20076	273	273	121
20082	290	277	121
20088	273	274	122
20093	273	276	120
20100	273	276	121
20106	273	274	120
20112	275	298	120
20117	273	274	123
20123	272	275	120
20129	294	274	122
20135	273	274	122
20142	272	280	120
20147	273	274	120
20153	286	274	122
20159	272	274	121
20165	275	289	120
20170	274	274	122
20176	273	274	121
20183	288	279	121
20189	273	274	122
20194	273	276	122
20200	273	274	122
20206	273	273	122
20212	275	298	121
20218	273	274	122
20224	272	274	120
20230	290	275	121
20236	273	273	122
20242	273	286	120
20247	273	274	122
20253	272	274	121
20259	290	277	121
20265	273	275	122
20272	273	275	121
20277	282	273	122
20283	273	275	122
20289	275	295	121
20295	273	274	123
20300	273	275	120
20306	296	276	121
20313	273	274	123
20319	273	281	120
20324	273	274	122
20330	273	273	120
20336	289	278	121
20342	273	276	122
20348	274	277	122
20354	274	274	122
20360	273	274	123
20366	282	288	121
20372	273	275	124
20377	272	275	120
20383	287	274	122
20389	273	275	121
20396	274	285	122
20402	274	274	122
20407	273	273	121
20413	281	289	121
20419	273	274	122
20425	272	274	120
20430	287	274	122
20436	272	276	122
20443	275	293	122
20449	273	273	122
20455	272	274	121
20460	289	277	122
20466	275	295	121
20472	274	274	122
20478	273	275	121
20484	294	274	122
20490	273	275	122
20496	273	277	120
20502	273	274	122
20507	272	274	121
20513	286	281	121
20519	273	274	122
20526	273	275	120
20532	285	275	122
20537	272	274	122
20543	273	287	120
20549	273	274	122
20555	273	274	121
20560	294	275	121
20567	274	273	122
20573	273	276	120
20579	274	274	122
20585	274	274	122
20590	274	288	120
20596	274	274	122
20602	272	275	121
20609	291	275	122
20614	273	274	122
20620	272	276	120
20626	274	275	122
20632	273	274	121
20637	276	296	121
20643	273	275	122
20649	272	274	120
20656	296	274	121
20662	273	274	123
20667	273	278	120
20673	273	275	123
20679	273	275	121
20685	280	292	121
20690	273	274	121
20697	272	275	120
20703	288	274	121
20709	273	274	123
20715	273	288	120
20720	275	274	124
20726	272	273	121
20732	292	275	123
20739	273	274	122
20744	273	275	121
20750	274	276	122
20756	274	273	123
20762	274	296	121
20768	275	274	123
20773	272	274	122
20780	273	274	121
20786	275	297	120
20792	273	274	123
20797	273	274	121
20803	297	275	121
20809	272	274	122
20815	275	279	120
20820	273	274	122
20827	273	274	121
20833	278	297	121
20839	273	274	123
20845	273	275	121
20850	295	276	121
20856	273	274	122
20862	274	282	120
20869	273	274	122
20874	274	274	121
20880	284	286	121
20886	272	274	122
20892	272	275	120
20898	279	275	122
20903	272	273	121
20910	274	296	121
20916	273	274	122
20922	272	274	121
20927	293	275	121
20933	273	274	122
20939	273	277	120
20945	274	275	122
20951	273	274	121
20957	275	295	122
20963	272	274	122
20969	272	274	121
20975	297	275	121
20980	272	274	122
20986	273	279	119
20993	274	275	122
20999	273	273	123
21004	280	293	121
21010	275	274	123
21016	272	275	121
21022	281	274	122
21028	273	274	122
21033	277	294	122
21040	273	276	122
21046	271	274	121
21052	296	276	121
21057	274	274	122
21063	274	279	120
21069	275	274	124
21075	273	274	121
21082	283	287	121
21087	273	274	120
21093	273	274	122
21099	273	273	120
21105	292	275	122
21110	273	274	122
21116	273	276	120
21123	274	274	122
21129	273	274	121
21134	275	297	121
21140	273	274	122
21146	273	274	120
21152	293	274	121
21158	273	275	122
21164	274	286	120
21170	274	274	122
21176	273	274	121
21182	291	275	121
21187	273	274	122
21193	272	275	120
21199	275	274	122
21206	273	274	122
21212	275	294	121
21217	273	274	122
21223	273	274	121
21229	293	275	121
21235	273	274	122
21240	272	276	120
21246	273	274	122
21253	272	273	121
21259	275	297	121
21264	273	274	122
21270	273	274	121
21276	294	274	121
21282	273	275	122
21288	274	276	120
21294	274	274	122
21300	273	273	121
21306	275	297	121
21312	273	275	122
21317	273	274	121
21323	295	274	120
21329	273	274	122
21336	274	280	120
21342	274	274	122
21347	274	273	121
21353	285	287	121
21359	274	274	123
21365	272	276	120
21370	282	275	122
21377	273	274	121
21383	276	293	121
21389	273	274	122
21395	273	274	120
21400	294	274	121
21406	275	297	121
21412	273	274	122
21419	274	274	121
21424	294	274	121
21430	273	274	121
21436	274	289	120
21442	275	274	122
21447	272	274	120
21453	287	280	121
21459	274	274	122
21466	273	276	120
21472	275	274	121
21477	273	274	121
21483	275	296	120
21489	273	274	122
21495	272	274	120
21500	295	274	122
21507	273	274	122
21513	273	283	120
21519	273	274	122
21525	273	274	121
21530	279	295	120
21536	273	274	122
21542	273	275	120
21549	293	275	121
21554	273	274	122
21560	273	281	119
21566	274	274	122
21572	273	274	121
21577	287	282	121
21583	274	274	123
21590	272	276	120
21596	278	274	122
21602	273	274	121
21607	274	293	121
21613	273	274	122
21619	272	274	121
21625	295	275	121
21630	274	274	122
21637	272	277	120
21643	274	274	122
21649	273	275	121
21655	279	294	121
21660	273	274	122
21666	272	274	120
21672	295	274	121
21679	274	274	122
21684	273	280	120
21690	273	274	122
21696	273	274	121
21702	283	287	119
21708	273	274	122
21713	273	275	121
21720	273	274	121
21726	284	284	121
21732	273	274	121
21737	273	276	120
21743	276	274	122
21749	272	274	121
21755	274	292	121
21761	272	275	122
21767	273	274	121
21773	292	275	120
21779	273	274	122
21785	272	277	119
21790	273	274	122
21796	273	274	121
21803	275	297	121
21809	273	274	122
21814	272	274	121
21820	296	275	121
21826	273	274	122
21832	273	276	121
21838	274	275	122
21843	272	273	121
21850	275	295	121
21856	273	274	122
21862	273	274	121
21867	292	275	121
21873	273	274	122
21879	273	277	120
21885	273	273	122
21891	273	274	120
21897	275	296	121
21903	273	274	122
21909	273	274	121
21915	292	275	120
21920	273	274	122
21926	272	276	120
21933	273	274	122
21939	273	274	121
21944	276	297	121
21950	273	274	122
21956	273	274	121
21962	295	275	121
21968	273	275	122
21974	273	278	120
21980	273	274	122
21986	273	273	122
21992	277	297	121
21997	273	274	122
22003	273	275	121
22009	295	274	122
22016	273	274	122
22022	273	283	119
22027	273	274	120
22033	287	274	121
22039	272	274	122
22045	273	287	119
22050	274	274	122
22056	273	273	122
22063	289	277	121
22069	273	274	121
22074	272	276	120
22080	285	275	121
22086	272	274	122
22092	274	291	121
22098	272	274	122
22104	273	274	121
22110	289	278	121
22116	273	274	122
22122	273	276	120
22127	273	274	122
22133	272	273	121
22139	274	293	121
22146	273	274	122
22152	272	273	121
22157	290	276	120
22163	274	274	122
22169	272	276	119
22175	277	274	121
22180	273	275	122
22187	275	295	123
22193	273	274	123
22199	272	274	121
22204	292	275	121
22210	274	274	122
22216	272	276	120
22222	279	274	122
22228	272	273	122
22234	274	288	120
22240	273	274	122
22246	272	273	121
22252	286	283	121
22257	274	274	122
22263	272	276	120
22269	282	274	122
22276	274	274	122
22282	273	287	120
22287	274	274	122
22293	272	274	121
22299	288	279	121
22305	273	274	122
22310	272	277	120
22317	273	274	123
22323	272	273	122
22329	275	297	121
22335	272	274	122
22340	274	275	122
22346	272	275	121
22352	282	290	121
22359	274	274	122
22364	272	275	120
22370	282	275	122
22376	273	274	121
22382	275	287	119
22387	274	274	122
22393	272	274	121
22400	292	274	121
22406	273	274	122
22412	273	276	120
22417	274	274	122
22423	273	274	122
22429	274	297	121
22435	273	274	121
22440	275	274	121
22447	296	274	121
22453	273	274	122
22459	276	280	120
22465	273	274	123
22470	272	274	121
22476	282	289	121
22482	273	274	122
22489	273	274	120
22494	289	274	122
22500	274	274	122
22506	275	288	120
22512	273	274	122
22517	272	273	121
22523	288	278	121
22530	273	275	122
22536	272	274	120
22542	281	274	121
22547	273	274	122
22553	274	291	121
22559	272	275	122
22565	273	274	121
22571	288	280	121
22577	273	274	122
22583	273	275	120
22589	282	274	121
22595	273	274	122
22600	274	291	121
22606	273	274	122
22612	273	274	121
22619	289	278	121
22624	273	274	122
22630	272	275	120
22636	279	275	122
22642	273	274	122
22648	274	292	120
22653	273	274	120
22660	275	274	122
22666	272	274	122
22672	276	297	119
22677	274	274	122
22683	273	274	121
22689	296	274	121
22695	273	274	122
22701	273	277	120
22707	274	274	122
22713	272	275	121
22719	277	297	121
22725	273	274	122
22730	273	274	121
22736	295	274	121
22743	273	274	121
22749	273	282	120
22754	273	274	122
22760	273	274	121
22766	279	294	123
22772	274	274	122
22778	273	275	120
22784	286	274	121
22790	273	274	122
22796	273	285	120
22802	273	274	124
22807	272	273	121
22813	288	279	121
22819	273	274	122
22825	274	276	120
22831	274	275	122
22837	272	274	121
22843	275	294	121
22849	275	274	122
22855	272	274	121
22860	294	274	121
22866	272	274	122
22873	272	276	120
22879	274	274	122
22884	273	273	121
22890	276	297	119
22896	274	274	122
22902	272	274	121
22908	296	275	121
22914	273	274	122
22920	274	278	120
22926	272	275	122
22932	273	273	121
22937	276	298	119
22943	273	274	122
22949	273	274	120
22956	295	274	121
22962	273	274	122
22967	274	280	122
22973	273	274	121
22979	295	275	121
22985	273	274	121
22990	273	281	120
22996	273	274	121
23003	273	275	121
23009	282	289	121
23014	273	273	123
23020	273	275	121
23026	294	275	122
23032	273	274	123
23038	273	282	120
23044	274	274	122
23050	272	273	121
23056	280	293	121
23062	273	274	122
23067	273	275	120
23073	294	274	121
23079	273	273	121
23086	274	284	120
23092	273	274	121
23097	273	273	121
23103	281	289	121
23109	273	274	123
23115	272	274	121
23120	294	274	121
23127	275	273	122
23133	273	284	120
23139	273	274	123
23144	273	274	121
23150	283	288	123
23156	273	274	122
23162	273	274	120
23169	287	274	122
23174	273	273	122
23180	274	284	120
23186	273	274	122
23192	272	274	120
23197	280	295	121
23203	272	274	122
23209	273	275	120
23216	294	274	121
23222	273	274	121
23227	273	280	119
23233	273	274	122
23239	273	273	122
23245	283	289	121
23250	273	274	122
23257	272	274	120
23263	281	274	122
23269	273	273	122
23275	275	291	121
23280	273	274	120
23286	277	274	121
23292	273	273	121
23299	276	296	121
23304	273	274	122
23310	273	274	121
23316	294	275	121
23322	273	274	122
23327	273	276	120
23333	274	274	122
23340	273	275	122
23346	276	298	121
23352	273	274	121
23357	272	275	121
23363	296	275	121
23369	274	274	121
23375	272	279	120
23380	274	275	122
23387	273	274	121
23393	282	289	121
23399	273	274	122
23405	274	275	120
23410	282	273	121
23416	273	274	121
23422	274	289	120
23429	274	274	121
23434	272	273	121
23440	284	285	121
23446	273	274	123
23452	272	275	120
23457	280	274	122
23463	273	274	121
23470	275	293	122
23476	273	274	122
23482	273	273	121
23487	289	277	122
23493	273	274	122
23499	272	276	120
23505	274	275	122
23511	272	273	121
23517	275	295	121
23523	273	274	122
23529	272	274	121
23535	290	275	120
23540	272	274	122
23546	273	276	121
23553	274	274	122
23559	273	274	121
23564	274	294	121
23570	274	274	122
23576	272	275	121
23582	296	274	121
23588	273	276	122
23593	275	278	122
23600	271	274	121
23606	295	274	121
23612	273	274	122
23617	273	280	120
23623	273	274	122
23629	272	273	121
23635	288	279	121
23641	273	274	122
23647	272	276	120
23653	273	274	123
23659	273	274	121
23665	275	297	121
23670	273	274	121
23676	272	274	120
23683	292	275	121
23689	273	275	122
23694	274	289	121
23700	273	275	122
23706	273	273	121
23712	285	284	121
23718	273	274	121
23724	272	276	120
23730	274	274	123
23736	273	274	121
23742	276	287	119
23747	273	276	122
23753	272	274	122
23759	286	283	121
23766	273	274	123
23771	272	275	120
23777	287	274	122
23783	272	274	122
23789	274	285	120
23795	273	274	121
23800	273	274	121
23806	283	286	121
23813	272	274	122
23819	272	275	120
23824	277	274	121
23830	273	273	122
23836	274	291	120
23842	274	275	122
23848	272	274	121
23854	291	275	122
23860	273	274	122
23866	273	276	120
23872	277	274	122
23877	272	274	121
23883	274	292	122
23889	272	273	122
23896	273	274	121
23902	294	275	121
23907	273	274	121
23913	273	274	122
23919	273	275	121
23925	295	274	122
23930	273	274	122
23937	273	286	120
23943	273	274	121
23949	274	273	121
23954	287	284	121
23960	272	274	122
23966	272	275	120
23972	291	275	122
23979	272	273	122
23984	274	287	120
23990	273	274	124
23996	272	274	121
24002	289	278	121
24007	273	274	123
24013	273	276	120
24019	276	274	121
24026	273	274	122
24032	274	289	121
24037	274	273	122
24043	273	276	121
24049	289	277	122
24055	273	274	122
24060	273	276	120
24067	274	274	123
24073	273	274	121
24079	276	297	120
24084	273	274	122
24090	273	274	121
24096	295	274	121
24102	273	274	121
24109	273	276	120
24114	274	275	121
24120	273	273	121
24126	275	297	120
24132	273	274	123
24137	272	274	120
24143	294	274	121
24150	273	275	122
24156	273	278	120
24162	274	274	122
24167	274	273	121
24173	275	298	121
24179	273	275	122
24185	272	275	120
24190	296	274	121
24197	272	274	121
24203	273	280	120
24209	273	274	121
24215	273	274	121
24220	278	295	121
24226	274	283	119
24232	273	276	122
24239	272	274	122
24244	284	287	121
24250	272	274	122
24256	272	275	120
24262	282	275	122
24267	273	275	122
24273	274	288	120
24280	273	274	121
24286	272	274	121
24292	287	282	121
24297	273	274	122
24303	272	276	120
24309	278	274	123
24315	274	274	121
24321	274	293	121
24327	273	274	122
24333	272	274	121
24339	289	278	121
24345	273	275	122
24350	272	276	119
24356	274	274	122
24363	272	275	122
24369	275	295	121
24374	273	274	122
24380	272	274	121
24386	296	274	121
24392	272	274	122
24397	274	277	120
24403	273	275	122
24410	273	274	121
24416	276	298	121
24422	273	274	122
24427	273	274	120
24433	293	276	121
24439	273	274	122
24445	273	282	120
24451	273	274	121
24457	273	274	121
24463	278	296	121
24469	273	273	122
24475	272	275	121
24480	286	274	122
24486	273	274	121
24493	273	285	120
24499	273	274	122
24504	273	273	121
24510	283	288	121
24516	273	274	122
24522	273	277	120
24528	281	274	123
24534	272	274	121
24540	273	275	121
24546	272	277	120
24552	274	275	122
24557	273	274	121
24563	277	297	122
24569	273	276	122
24576	274	275	122
24581	296	274	121
24587	274	274	122
24593	273	279	120
24599	274	276	122
24605	272	273	121
24610	289	280	121
24616	273	274	122
24623	272	276	120
24629	276	274	122
24634	273	274	122
24640	274	294	121
24646	275	274	124
24652	274	274	121
24658	295	274	122
24664	273	275	122
24670	273	280	121
24676	273	275	122
24682	273	273	122
24687	285	284	121
24693	274	274	122
24699	272	275	120
24706	290	275	122
24711	273	274	122
24717	273	288	121
24723	273	274	122
24729	272	274	122
24735	285	282	122
24740	273	273	122
24747	273	276	120
24753	273	276	122
24759	272	275	121
24764	276	298	121
24770	273	274	122
24776	273	274	122
24782	294	275	121
24788	273	274	122
24794	274	280	120
24800	273	274	122
24806	272	273	121
24812	279	295	122
24817	273	274	123
24823	273	275	119
24829	291	275	121
24836	273	274	121
24842	274	285	120
24847	273	274	121
24853	284	274	122
24859	273	275	122
24865	274	288	120
24870	274	274	124
24877	273	274	121
24883	284	286	122
24889	273	274	122
24894	273	274	121
24900	286	275	122
24906	273	276	122
24912	274	289	121
24919	272	274	122
24924	272	274	119
24930	294	274	121
24936	274	274	123
24942	272	278	120
24947	275	274	123
24953	272	274	122
24960	278	293	121
24966	272	274	122
24972	273	275	119
24977	294	275	121
24983	273	274	122
24989	273	282	120
24995	274	274	124
25000	273	274	121
25007	284	288	121
25013	273	275	122
25019	273	275	120
25024	290	276	121
25030	273	274	122
25036	273	285	120
25042	273	274	122
25049	272	275	121
25054	280	292	122
25060	273	274	122
25066	272	276	120
25072	289	275	122
25077	273	274	122
25083	273	286	120
25090	273	275	122
25096	273	274	121
25102	282	288	121
25107	273	275	123
25113	273	275	121
25119	294	274	122
25125	273	274	122
25131	273	277	120
25137	273	275	122
25143	273	274	123
25149	276	297	121
25155	273	274	121
25160	273	275	122
25166	273	274	121
25172	275	297	121
25179	275	274	123
25184	273	276	120
25190	296	274	122
25196	273	274	122
25202	274	280	120
25207	273	274	122
25213	273	275	121
25220	277	297	121
25226	273	273	122
25232	272	275	121
25237	294	275	121
25243	273	274	123
25249	274	276	120
25255	274	274	122
25261	273	274	123
25267	275	296	121
25273	273	274	122
25279	273	275	121
25285	288	278	121
25290	273	275	122
25296	272	276	120
25303	276	274	121
25309	272	274	122
25314	274	292	121
25320	273	274	122
25326	273	274	121
25332	291	276	121
25337	272	274	122
25344	272	277	120
25350	275	274	123
25356	274	274	123
25362	275	297	121
25367	274	274	124
25373	272	276	121
25379	294	275	120
25385	273	275	122
25391	273	276	120
25397	275	274	122
25403	273	274	121
25409	274	295	121
25415	273	274	122
25420	272	274	121
25426	288	279	121
25433	273	274	121
25439	273	275	121
25444	282	275	121
25450	273	274	122
25456	274	289	120
25462	273	275	123
25468	273	274	121
25474	288	280	122
25480	274	288	120
25486	275	275	122
25492	272	273	121
25497	290	277	121
25503	273	274	122
25509	272	276	120
25516	274	275	122
25521	273	273	122
25527	274	293	120
25533	273	274	122
25539	274	274	121
25545	292	275	122
25550	274	274	122
25556	272	275	121
25563	275	275	122
25569	273	274	122
25574	275	293	121
25580	273	274	124
25586	272	274	121
25592	291	277	121
25598	273	273	122
25604	273	276	120
25610	276	274	122
25616	272	274	122
25622	276	297	121
25627	273	274	123
25633	272	274	121
25639	296	274	121
25646	273	274	122
25651	273	277	120
25657	273	274	123
25663	273	274	121
25669	277	297	121
25675	274	274	123
25680	273	275	121
25687	295	276	121
25693	274	274	123
25699	273	277	120
25704	275	275	123
25710	273	274	121
25716	276	297	121
25722	272	276	122
25729	273	274	120
25734	290	277	121
25740	274	275	122
25746	273	276	120
25752	273	274	122
25757	273	274	123
25763	279	297	121
25769	274	275	122
25776	273	275	122
25782	296	275	121
25787	274	273	121
25793	274	274	122
25799	272	274	120
25805	294	274	122
25810	273	274	122
25817	274	278	120
25823	273	274	122
25829	273	274	121
25834	277	296	122
25840	273	273	123
25846	272	275	120
25852	294	274	121
25859	273	274	122
25864	273	279	120
25870	273	274	122
25876	274	274	121
25882	279	296	121
25887	273	275	122
25893	272	275	120
25900	292	275	121
25906	273	274	122
25912	273	281	121
25917	274	274	121
25923	274	274	121
25929	283	288	121
25935	273	274	122
25940	273	275	120
25947	285	275	122
25953	273	275	122
25959	274	294	121
25964	273	275	122
25970	272	274	121
25976	295	275	121
25982	273	274	122
25989	273	277	120
25994	273	274	122
26000	272	274	121
26006	277	297	122
26012	273	276	123
26017	273	274	122
26023	296	276	121
26030	275	274	123
26036	273	277	121
26042	274	274	122
26047	273	274	121
26053	276	298	121
26059	273	274	122
26065	272	274	121
26071	295	274	121
26077	273	275	122
26083	274	276	119
26089	274	274	123
26095	273	276	121
26100	276	297	122
26106	272	276	119
26113	274	274	122
26119	272	273	121
26124	278	296	121
26130	273	274	122
26136	272	274	120
26142	292	275	122
26147	272	274	122
26153	274	287	119
26160	274	274	122
26166	273	274	121
26172	292	275	121
26177	273	274	123
26183	273	276	120
26189	274	274	122
26195	273	273	121
26201	275	295	121
26207	274	274	122
26213	273	274	120
26219	291	278	121
26225	272	275	122
26230	272	276	120
26236	274	275	122
26243	273	273	123
26249	275	295	121
26254	273	275	122
26260	272	274	120
26266	294	275	121
26272	273	275	122
26277	272	276	120
26284	273	274	122
26290	274	274	121
26296	274	295	121
26302	273	276	122
26307	273	274	120
26313	288	279	121
26319	272	273	122
26326	272	276	120
26331	282	274	122
26337	273	275	122
26343	274	284	120
26349	274	274	122
26355	272	274	121
26360	282	290	120
26366	274	275	122
26373	272	275	122
26379	296	275	121
26384	272	274	122
26390	274	276	120
26396	274	274	122
26402	273	274	120
26408	274	295	121
26414	274	274	120
26420	273	275	125
26426	273	274	121
26432	276	297	121
26437	275	275	122
26443	274	274	121
26449	293	275	122
26456	274	274	121
26461	273	276	119
26467	284	275	122
26473	274	274	121
26479	274	285	119
26485	274	274	122
26490	274	274	120
26497	286	285	121
26503	274	274	122
26509	274	275	120
26514	290	275	121
26520	273	275	123
26526	274	285	120
26532	274	274	124
26539	274	274	121
26544	280	294	121
26550	275	274	122
26556	274	275	120
26562	295	275	121
26567	274	274	122
26573	274	280	120
26579	275	274	122
26586	273	273	121
26591	280	293	122
26597	274	274	122
26603	273	275	120
26609	296	274	121
26615	274	274	122
26620	274	279	120
26627	275	274	122
26633	274	274	121
26639	279	295	121
26644	273	274	122
26650	273	274	120
26656	296	274	122
26662	274	274	121
26669	276	285	120
26674	275	274	122
26680	273	274	120
26686	285	288	121
26692	274	275	122
26697	273	276	121
26703	298	276	121
26710	273	274	124
26716	275	278	120
26722	274	274	121
26727	274	274	121
26733	274	274	122
26739	274	278	120
26745	274	274	122
26750	273	274	122
26757	277	297	120
26763	273	274	122
26769	274	275	121
26774	297	275	121
26780	274	275	122
26786	273	276	120
26792	274	275	122
26799	274	274	121
26804	276	297	121
26810	274	274	123
26816	273	274	119
26822	295	275	121
26827	274	274	125
26833	274	276	122
26840	274	274	122
26846	274	274	121
26852	276	295	122
26857	275	274	124
26863	274	274	122
26869	297	274	123
26875	275	274	124
26881	275	277	121
26887	275	276	124
26893	274	273	123
26899	278	297	122
26904	276	274	124
26910	276	274	122
26916	298	275	123
26923	276	274	124
26929	275	277	122
26934	276	275	124
26940	276	273	123
26946	279	298	122
26952	276	274	125
26957	276	275	122
26963	298	276	123
26970	277	274	125
26976	277	277	122
26982	277	275	125
26987	276	274	124
26993	279	298	123
26999	277	275	125
27005	276	275	123
27011	294	274	124
27017	277	275	125
27023	277	289	123
27029	277	275	126
27035	277	274	123
27040	300	276	125
27046	280	297	123
27053	278	275	126
27059	277	276	123
27064	289	276	125
27070	277	275	124
27076	280	295	124
27082	278	275	126
27087	279	276	123
27094	289	277	125
27100	279	276	126
27106	280	298	124
27112	278	277	126
27117	279	277	123
27123	293	277	125
27129	279	277	125
27136	281	300	125
27141	280	278	127
27147	279	278	123
27153	283	278	126
27159	280	278	125
27165	284	300	124
27170	280	278	127
27176	278	280	123
27183	281	278	126
27189	280	279	125
27194	285	299	124
27200	281	279	126
27206	280	281	123
27212	280	280	126
27217	280	279	125
27224	298	283	124
27230	280	281	126
27236	281	288	123
27242	281	282	127
27247	281	282	124
27253	290	281	126
27259	281	282	126
27266	286	304	124
27271	282	283	127
27277	282	287	124
27283	282	283	127
27289	282	283	124
27295	290	285	126
27300	281	284	126
27307	293	296	125
27313	283	284	127
27319	282	291	120
27324	283	285	122
27330	283	285	120
27336	294	285	122
27342	298	285	121
27348	335	290	121
27354	346	298	123
27360	386	317	122
27366	440	428	123
27372	507	724	168
27377	549	784	383
27383	474	687	250
27389	455	614	248
27396	440	576	246
27401	418	547	250
27407	408	503	237
27413	388	460	237
27419	378	440	249
27425	367	418	223
27430	356	403	238
27437	351	408	254
27443	342	389	251
27449	334	363	236
27454	327	348	207
27460	321	339	261
27466	333	333	244
27472	312	325	236
27479	308	316	264
27484	310	330	257
27490	301	303	184
27496	320	300	229
27502	294	295	186
27507	312	291	228
27513	290	288	210
27520	292	307	260
27526	284	282	261
27531	283	282	237
27537	282	278	251
27543	280	275	198
27549	286	291	257
27555	277	273	257
27560	277	271	238
27567	294	271	240
27573	274	268	252
27579	274	273	239
27584	273	269	250
27590	273	268	214
27596	273	277	241
27602	273	266	252
27609	271	267	190
27614	272	276	243
27620	272	267	252
27626	271	266	206
27632	272	274	240
27637	272	266	251
27643	271	266	218
27650	272	274	242
27656	271	265	251
27662	271	265	198
27667	272	273	256
27673	270	265	240
27679	292	266	228
27685	272	265	262
27691	271	266	238
27697	295	265	229
27703	271	265	266
27709	271	267	239
27714	290	265	240
27720	272	265	265
27726	272	267	237
27732	281	264	248
27739	272	265	263
27744	272	267	237
27750	286	266	244
27756	272	265	255
27762	272	267	237
27767	284	266	244
27773	272	265	254
27780	272	268	237
27786	278	266	248
27792	272	266	215
27797	273	271	240
27803	272	265	252
27809	273	265	184
27815	274	286	253
27821	271	265	252
27827	272	266	206
27833	275	290	257
27839	273	265	251
27844	272	266	234
27850	283	277	252
27856	272	265	256
27863	271	266	239
27869	292	266	228
27874	272	267	262
27880	271	266	238
27886	294	265	234
27892	272	265	265
27897	272	268	237
27904	275	267	251
27910	272	266	234
27916	272	274	242
27922	273	266	252
27927	273	266	185
27933	274	289	256
27939	273	267	252
27945	272	267	214
27951	277	289	261
27957	272	267	252
27963	272	267	236
27969	286	274	241
27975	272	267	256
27980	272	265	252
27986	272	265	182
27993	274	289	257
27999	273	266	251
28004	273	268	216
28010	279	285	259
28016	272	267	253
28022	273	266	234
28027	291	267	232
28034	273	266	264
28040	272	269	237
28046	289	267	239
28052	272	265	260
28057	273	270	238
28063	273	266	253
28069	272	265	199
28076	274	278	244
28081	273	266	252
28087	273	265	184
28093	275	288	255
28099	273	266	251
28105	271	266	226
28110	285	275	248
28116	273	266	255
28123	272	267	239
28129	292	267	229
28134	273	266	262
28140	272	266	237
28146	292	267	239
28152	272	266	264
28157	273	268	237
28164	276	267	250
28170	273	266	237
28176	273	270	238
28182	274	267	252
28187	273	268	230
28193	273	273	241
28199	274	267	252
28206	274	266	199
28211	274	277	244
28217	273	267	252
28223	274	267	183
28229	276	287	254
28235	274	267	251
28240	274	269	203
28247	276	292	260
28253	274	268	253
28259	274	268	212
28264	278	288	261
28270	274	267	252
28276	274	269	236
28282	288	273	242
28289	274	268	255
28294	273	268	253
28300	274	266	183
28306	275	286	253
28312	275	269	252
28317	274	268	198
28323	277	291	259
28329	275	269	254
28336	273	268	210
28341	279	292	261
28347	275	268	253
28353	275	269	232
28359	288	275	245
28365	273	268	257
28370	274	268	240
28377	296	269	229
28383	273	268	265
28389	274	269	239
28394	297	269	231
28400	274	268	266
28406	273	268	238
28412	290	268	244
28419	274	268	258
28424	273	269	237
28430	278	268	249
28436	273	268	228
28442	274	271	239
28447	274	267	252
28453	273	267	185
28460	273	282	247
28466	273	268	252
28471	272	267	182
28477	275	287	253
28483	274	267	251
28489	273	267	183
28495	274	288	256
28500	273	267	251
28507	273	267	204
28513	276	291	258
28519	273	267	252
28524	272	268	230
28530	282	281	253
28536	273	267	254
28542	272	267	238
28549	292	267	230
28554	273	267	262
28560	272	269	239
28566	296	268	230
28572	274	268	266
28577	273	268	237
28583	287	268	243
28590	273	267	260
28596	274	270	239
28602	274	268	252
28607	272	267	238
28613	273	268	257
28619	273	268	239
28625	296	269	229
28631	273	267	264
28637	272	269	237
28643	288	268	243
28649	273	268	260
28654	273	271	238
28660	273	268	254
28666	273	268	193
28673	274	288	254
28679	273	268	251
28684	273	268	211
28690	282	282	255
28696	273	269	255
28702	273	269	240
28707	296	268	230
28713	274	268	267
28720	273	269	238
28726	277	268	250
28732	273	268	228
28737	273	276	242
28743	274	267	251
28749	274	268	202
28755	278	290	260
28761	273	268	253
28767	274	272	241
28773	295	270	229
28779	274	269	265
28784	274	271	239
28790	285	270	248
28796	274	269	244
28803	274	274	240
28809	274	270	253
28814	274	268	191
28820	276	291	256
28826	278	272	255
28832	276	271	226
28837	282	285	259
28844	274	269	254
28850	274	270	242
28856	302	278	237
28862	282	277	270
28867	276	272	241
28873	297	274	245
28879	277	271	260
28886	276	276	240
28891	276	270	255
28897	274	269	185
28903	276	289	255
28909	276	269	253
28915	275	270	229
28920	287	280	213
28926	276	277	139
28933	276	271	0
28939	277	279	0
28944	277	271	0
28950	277	272	0
28956	278	274	0
28961	277	272	0
28967	277	273	0
28974	277	272	0
28980	277	272	19
28985	251	240	265
28991	227	215	381
28997	209	203	396
29003	188	183	381
29008	147	146	360
29015	104	103	354
29021	74	72	353
29027	52	51	312
29032	36	36	311
29038	27	28	308
29044	27	26	301
29050	25	24	293
29056	23	23	286
29062	22	22	279
29068	21	20	272
29073	19	19	265
29079	19	18	259
29085	17	17	253
29091	16	16	246
29096	16	16	240
29103	15	14	234
29109	14	14	228
29114	14	14	222
29120	13	15	217
29126	14	13	211
29132	13	12	205
29137	12	12	200
29144	12	12	194
29150	11	12	190
29155	11	11	183
29161	11	10	179
29167	10	10	174
29173	10	10	167
29178	9	9	161
29185	9	9	154
29191	9	9	146
29196	9	8	137
29202	8	8	129
29208	7	7	121
29213	7	7	114
29219	7	6	107
29225	5	6	100
29231	5	6	95
29237	5	5	89
29242	5	5	84
29248	5	4	80
29254	5	5	76
29259	4	5	70
29265	3	4	69
29272	4	4	66
29277	2	4	61
29283	3	4	58
29288	3	4	55
29294	4	4	51
29300	4	4	49
29305	5	4	46
29312	5	3	43
29318	6	4	40
29323	7	4	31
29329	7	4	26
29334	6	4	19
29340	6	4	12
29346	56	60	5
29351	65	67	0
29358	66	68	0
29364	67	68	0
29369	65	68	0
29375	63	66	0
29381	0	0	0
29386	0	0	0
29392	0	0	0
29398	0	0	0
29404	0	0	0
29410	0	0	0
29415	0	0	0
29421	0	0	0
29426	0	0	0
29432	29	0	0
29438	27	0	0
29444	24	0	0
29450	22	0	0
29456	22	0	0
29461	18	0	0
29467	16	0	0
29472	14	0	0
29478	10	0	0
29485	10	0	0
29490	5	0	0
29496	7	0	0
29502	6	0	0
29507	3	0	0
29513	0	0	0
29518	0	0	0
29524	0	0	0
29531	0	0	0
29536	0	0	0
29542	0	0	0
29547	0	0	0
29553	0	0	0
29559	0	0	0
29564	0	0	0
29571	0	0	0
29576	0	0	0
29582	0	0	0
29588	0	0	0
29593	0	0	0
29599	0	0	0
29604	0	0	0
29611	0	0	0
29617	0	0	0
29622	0	0	0
29628	0	0	0
29633	0	0	0
29639	0	0	0
29645	0	0	0
29650	0	0	0
29657	0	0	0
29662	0	0	0
29668	0	0	0
29674	0	0	0
29679	0	0	0
29685	0	0	0
29690	0	0	0
29697	0	0	0
29703	0	0	0
29708	0	0	0
29714	0	0	0
29719	0	0	0
29725	0	0	0
29731	0	0	0
29736	0	0	0
29743	0	0	0
29749	0	0	0
29754	0	0	0
29760	0	0	0
29765	0	0	0
29771	0	0	0
29777	0	0	0
29783	0	0	0
29789	0	0	0
29794	0	0	0
29800	0	0	0
29806	0	0	0
29811	0	0	0
29817	0	0	0
29822	0	0	0
29829	0	0	0
29835	0	0	0
29840	0	0	0
29846	0	0	0
29851	0	0	0
29857	0	0	0
29863	0	0	0
29869	0	0	0
29875	0	0	0
29880	0	0	0
29886	0	0	0
29892	0	0	0
29897	0	0	0
29903	0	0	0
29908	0	0	0
29915	0	0	0
29921	0	0	0
29926	0	0	0
29932	0	0	0
29937	0	0	0
29943	0	0	0
29949	0	0	0
29955	0	0	0
29961	0	0	0
29966	0	0	0
29972	0	0	0
29978	0	0	0
29983	0	0	0
29989	0	0	0
29995	0	0	0
30001	0	0	0
30007	0	0	0
30012	0	0	0
30018	0	0	0
30023	0	0	0
30029	0	0	0
30035	0	0	0
30041	0	0	0
30047	0	0	0
30053	0	0	0
30058	0	0	0
30064	0	0	0
30069	0	0	0
30075	0	0	0
30082	0	0	0
30087	0	0	0
30093	0	0	0
30098	0	0	0
30104	0	0	0
30110	0	0	0
30115	0	0	0
30121	0	0	0
30127	0	0	0
30133	0	0	0
30139	0	0	0
30144	0	0	0
30150	0	0	0
30155	0	0	0
